2026-05-14 15:07:30 - __main__ - INFO - 1 找到 3 个文件
2026-05-14 15:07:30 - __main__ - INFO - 正在处理 第一回.json
2026-05-14 15:07:31 - __main__ - INFO - 正在处理 第三回.json
2026-05-14 15:07:31 - __main__ - INFO - 正在处理 第二回.json
2026-05-14 15:07:39 - __main__ - INFO - 保存结果到 E:\paper\new\extract\第一回.json
2026-05-14 15:07:40 - __main__ - INFO - 保存结果到 E:\paper\new\extract\第三回.json
2026-05-14 15:07:52 - __main__ - INFO - 保存结果到 E:\paper\new\extract\第二回.json
2026-05-14 15:11:42 - __main__ - WARNING - extract 未找到任何文件
2026-05-14 15:11:42 - __main__ - WARNING - filter 未找到任何文件
2026-05-14 15:11:42 - __main__ - WARNING - refactor 未找到任何文件
2026-05-14 15:16:06 - __main__ - INFO - extract 找到 4 个文件
2026-05-14 15:16:06 - __main__ - INFO - 正在处理 备份.zip
2026-05-14 15:16:06 - __main__ - ERROR - 文件备份.zip处理失败: 'utf-8' codec can't decode byte 0xad in position 12: invalid start byte
2026-05-14 15:16:06 - __main__ - INFO - 正在处理 第一回.txt
2026-05-14 15:16:06 - __main__ - INFO - 正在处理 第三回.txt
2026-05-14 15:16:06 - __main__ - INFO - 正在处理 第二回.txt
2026-05-14 15:16:23 - __main__ - INFO - 保存结果到 E:\paper\new\extract\第二回.json
2026-05-14 15:16:26 - __main__ - INFO - 保存结果到 E:\paper\new\extract\第三回.json
2026-05-14 15:16:30 - __main__ - INFO - 保存结果到 E:\paper\new\extract\第一回.json
2026-05-14 15:16:30 - __main__ - INFO - filter 找到 3 个文件
2026-05-14 15:16:30 - __main__ - INFO - 正在处理 第一回.json
2026-05-14 15:16:30 - __main__ - INFO - 正在处理 第三回.json
2026-05-14 15:16:30 - __main__ - INFO - 正在处理 第二回.json
2026-05-14 15:16:40 - __main__ - INFO - 保存结果到 E:\paper\new\filter\第一回.json
2026-05-14 15:16:58 - __main__ - INFO - 保存结果到 E:\paper\new\filter\第三回.json
2026-05-14 15:17:00 - __main__ - INFO - 保存结果到 E:\paper\new\filter\第二回.json
2026-05-14 15:17:00 - __main__ - INFO - refactor 找到 3 个文件
2026-05-14 15:17:00 - __main__ - INFO - 正在处理 第一回.json
2026-05-14 15:17:00 - __main__ - INFO - 正在处理 第三回.json
2026-05-14 15:17:00 - __main__ - INFO - 正在处理 第二回.json
2026-05-14 15:17:11 - __main__ - INFO - 保存结果到 E:\paper\new\refactor\第三回.json
2026-05-14 15:17:34 - __main__ - INFO - 保存结果到 E:\paper\new\refactor\第二回.json
2026-05-14 15:17:34 - __main__ - INFO - 保存结果到 E:\paper\new\refactor\第一回.json
2026-05-14 15:27:18 - __main__ - INFO - 正在爬取 https://www.guoxuemao.com/shu/xiyouji.html...
2026-05-14 15:27:18 - __main__ - INFO - 获取成功！
2026-05-14 15:27:18 - __main__ - INFO - 正在提取章节链接...
2026-05-14 15:27:44 - __main__ - INFO - 提取成功！
2026-05-14 15:27:44 - __main__ - INFO - 正在保存结果...
2026-05-14 15:27:44 - __main__ - INFO - 保存成功！
2026-05-14 15:27:44 - __main__ - INFO - 正在提取 https://www.guoxuemao.com/items/shu/14167a57a4e9578a0612cc7d0c801de0.html的内容...
2026-05-14 15:27:44 - __main__ - INFO - 提取成功！
2026-05-14 15:27:44 - __main__ - INFO - 正在生成爬虫代码...
2026-05-14 15:27:53 - __main__ - INFO - 生成成功！
2026-05-14 15:27:53 - __main__ - INFO - 正在保存爬虫代码...
2026-05-14 15:27:53 - __main__ - INFO - 保存成功！
2026-05-14 15:49:38 - __main__ - INFO - 正在爬取 https://www.guoxuemao.com/shu/xiyouji.html...
2026-05-14 15:49:38 - __main__ - INFO - 获取成功！
2026-05-14 15:49:38 - __main__ - INFO - 正在提取章节链接...
2026-05-14 15:50:04 - __main__ - INFO - 提取成功！
2026-05-14 15:50:04 - __main__ - INFO - 正在保存结果...
2026-05-14 15:50:04 - __main__ - INFO - 保存成功！
2026-05-14 15:50:04 - __main__ - INFO - 正在提取 https://www.guoxuemao.com/items/shu/14167a57a4e9578a0612cc7d0c801de0.html的内容...
2026-05-14 15:50:04 - __main__ - INFO - 提取成功！
2026-05-14 15:50:04 - __main__ - INFO - 正在生成爬虫代码...
2026-05-14 15:50:14 - __main__ - INFO - 生成成功！
2026-05-14 15:50:14 - __main__ - INFO - 正在保存爬虫代码...
2026-05-14 15:50:14 - __main__ - INFO - 保存成功！
2026-05-14 16:47:17 - __main__ - INFO - 正在生成爬虫代码...
2026-05-14 16:47:18 - crawler.crawler_agent - INFO - 正在爬取 None...
2026-05-14 16:51:36 - __main__ - INFO - 正在生成爬虫代码...
2026-05-14 16:51:37 - crawler.crawler_agent - INFO - 正在爬取 https://www.guoxuemao.com/shu/xiyouji.html...
2026-05-14 16:51:37 - crawler.crawler_agent - INFO - 获取成功！
2026-05-14 16:51:37 - crawler.crawler_agent - INFO - 正在提取章节链接...
2026-05-14 16:52:12 - crawler.crawler_agent - INFO - 提取成功！
2026-05-14 16:52:12 - crawler.crawler_agent - INFO - 正在保存结果...
2026-05-14 16:52:12 - crawler.crawler_agent - INFO - 保存成功！
2026-05-14 16:52:12 - crawler.crawler_agent - INFO - 正在提取 https://www.guoxuemao.com/items/shu/14167a57a4e9578a0612cc7d0c801de0.html的内容...
2026-05-14 16:52:13 - crawler.crawler_agent - INFO - 提取成功！
2026-05-14 16:52:13 - crawler.crawler_agent - INFO - 正在生成爬虫代码...
2026-05-14 16:52:34 - crawler.crawler_agent - INFO - 生成成功！
2026-05-14 16:52:34 - crawler.crawler_agent - INFO - 正在保存爬虫代码...
2026-05-14 16:52:34 - crawler.crawler_agent - INFO - 保存成功！
2026-05-14 16:52:34 - __main__ - INFO - 正在执行爬虫代码...
2026-05-14 16:53:06 - __main__ - INFO - 正在生成数据处理代码...
2026-05-14 16:53:06 - __main__ - INFO - extract 找到 201 个文件
2026-05-14 16:53:06 - __main__ - INFO - 正在处理 备份.zip
2026-05-14 16:53:06 - __main__ - ERROR - 文件备份.zip处理失败: 'utf-8' codec can't decode byte 0xad in position 12: invalid start byte
2026-05-14 16:53:06 - __main__ - INFO - 正在处理 第100章.txt
2026-05-14 16:53:06 - __main__ - INFO - 正在处理 第10章.txt
2026-05-14 16:53:06 - __main__ - INFO - 正在处理 第11章.txt
2026-05-14 16:53:10 - __main__ - INFO - 保存结果到 E:\paper\new\extract\第100章.json
2026-05-14 16:53:10 - __main__ - INFO - 正在处理 第12章.txt
2026-05-14 16:53:12 - __main__ - INFO - 保存结果到 E:\paper\new\extract\第11章.json
2026-05-14 16:53:12 - __main__ - INFO - 正在处理 第13章.txt
2026-05-14 16:53:25 - __main__ - INFO - 保存结果到 E:\paper\new\extract\第13章.json
2026-05-14 16:53:25 - __main__ - INFO - 正在处理 第14章.txt
2026-05-14 16:53:27 - __main__ - INFO - 保存结果到 E:\paper\new\extract\第12章.json
2026-05-14 16:53:27 - __main__ - INFO - 正在处理 第15章.txt
2026-05-14 16:53:29 - __main__ - INFO - 保存结果到 E:\paper\new\extract\第10章.json
2026-05-14 16:53:29 - __main__ - INFO - 正在处理 第16章.txt
2026-05-14 16:53:33 - __main__ - INFO - 保存结果到 E:\paper\new\extract\第15章.json
2026-05-14 16:53:33 - __main__ - INFO - 正在处理 第17章.txt
2026-05-14 16:53:39 - __main__ - INFO - 保存结果到 E:\paper\new\extract\第14章.json
2026-05-14 16:53:39 - __main__ - INFO - 正在处理 第18章.txt
2026-05-14 16:53:43 - __main__ - INFO - 保存结果到 E:\paper\new\extract\第16章.json
2026-05-14 16:53:43 - __main__ - INFO - 正在处理 第19章.txt
2026-05-14 16:53:54 - __main__ - INFO - 保存结果到 E:\paper\new\extract\第17章.json
2026-05-14 16:53:54 - __main__ - INFO - 正在处理 第1章.txt
2026-05-14 16:53:59 - __main__ - INFO - 保存结果到 E:\paper\new\extract\第18章.json
2026-05-14 16:53:59 - __main__ - INFO - 正在处理 第20章.txt
2026-05-14 16:54:12 - __main__ - INFO - 保存结果到 E:\paper\new\extract\第19章.json
2026-05-14 16:54:12 - __main__ - INFO - 正在处理 第21章.txt
2026-05-14 16:54:15 - __main__ - INFO - 保存结果到 E:\paper\new\extract\第1章.json
2026-05-14 16:54:15 - __main__ - INFO - 正在处理 第22章.txt
2026-05-14 16:54:19 - __main__ - INFO - 保存结果到 E:\paper\new\extract\第21章.json
2026-05-14 16:54:19 - __main__ - INFO - 正在处理 第23章.txt
2026-05-14 16:54:24 - __main__ - INFO - 保存结果到 E:\paper\new\extract\第20章.json
2026-05-14 16:54:24 - __main__ - INFO - 正在处理 第24章.txt
2026-05-14 16:54:28 - __main__ - INFO - 保存结果到 E:\paper\new\extract\第23章.json
2026-05-14 16:54:28 - __main__ - INFO - 正在处理 第25章.txt
2026-05-14 16:54:42 - __main__ - INFO - 保存结果到 E:\paper\new\extract\第25章.json
2026-05-14 16:54:42 - __main__ - INFO - 正在处理 第26章.txt
2026-05-14 16:54:42 - __main__ - INFO - 保存结果到 E:\paper\new\extract\第22章.json
2026-05-14 16:54:42 - __main__ - INFO - 正在处理 第27章.txt
2026-05-14 16:54:44 - __main__ - INFO - 保存结果到 E:\paper\new\extract\第24章.json
2026-05-14 16:54:44 - __main__ - INFO - 正在处理 第28章.txt
2026-05-14 16:54:49 - __main__ - INFO - 保存结果到 E:\paper\new\extract\第28章.json
2026-05-14 16:54:49 - __main__ - INFO - 正在处理 第29章.txt
2026-05-14 16:54:51 - __main__ - INFO - 保存结果到 E:\paper\new\extract\第27章.json
2026-05-14 16:54:51 - __main__ - INFO - 正在处理 第2章.txt
2026-05-14 16:55:06 - __main__ - INFO - 保存结果到 E:\paper\new\extract\第26章.json
2026-05-14 16:55:06 - __main__ - INFO - 正在处理 第30章.txt
2026-05-14 16:55:11 - __main__ - INFO - 保存结果到 E:\paper\new\extract\第2章.json
2026-05-14 16:55:11 - __main__ - INFO - 正在处理 第31章.txt
2026-05-14 16:55:43 - __main__ - INFO - 保存结果到 E:\paper\new\extract\第31章.json
2026-05-14 16:55:43 - __main__ - INFO - 正在处理 第32章.txt
2026-05-14 16:55:55 - __main__ - INFO - 保存结果到 E:\paper\new\extract\第32章.json
2026-05-14 16:55:55 - __main__ - INFO - 正在处理 第33章.txt
2026-05-14 16:56:06 - __main__ - INFO - 保存结果到 E:\paper\new\extract\第33章.json
2026-05-14 16:56:06 - __main__ - INFO - 正在处理 第34章.txt
2026-05-14 16:56:12 - __main__ - INFO - 保存结果到 E:\paper\new\extract\第30章.json
2026-05-14 16:56:12 - __main__ - INFO - 正在处理 第35章.txt
2026-05-14 16:56:40 - __main__ - INFO - 保存结果到 E:\paper\new\extract\第29章.json
2026-05-14 16:56:40 - __main__ - INFO - 正在处理 第36章.txt
2026-05-14 16:57:12 - __main__ - INFO - 保存结果到 E:\paper\new\extract\第34章.json
2026-05-14 16:57:12 - __main__ - INFO - 正在处理 第37章.txt
2026-05-14 16:57:17 - __main__ - INFO - 保存结果到 E:\paper\new\extract\第36章.json
2026-05-14 16:57:17 - __main__ - INFO - 正在处理 第38章.txt
2026-05-14 16:57:17 - __main__ - INFO - 保存结果到 E:\paper\new\extract\第35章.json
2026-05-14 16:57:17 - __main__ - INFO - 正在处理 第39章.txt
2026-05-14 16:57:21 - __main__ - INFO - 保存结果到 E:\paper\new\extract\第38章.json
2026-05-14 16:57:21 - __main__ - INFO - 正在处理 第3章.txt
2026-05-14 16:57:35 - __main__ - INFO - 保存结果到 E:\paper\new\extract\第39章.json
2026-05-14 16:57:35 - __main__ - INFO - 正在处理 第40章.txt
2026-05-14 16:57:40 - __main__ - INFO - 保存结果到 E:\paper\new\extract\第3章.json
2026-05-14 16:57:40 - __main__ - INFO - 正在处理 第41章.txt
2026-05-14 16:57:41 - __main__ - INFO - 保存结果到 E:\paper\new\extract\第37章.json
2026-05-14 16:57:41 - __main__ - INFO - 正在处理 第42章.txt
2026-05-14 16:57:53 - __main__ - INFO - 保存结果到 E:\paper\new\extract\第41章.json
2026-05-14 16:57:53 - __main__ - INFO - 正在处理 第43章.txt
2026-05-14 16:57:57 - __main__ - INFO - 保存结果到 E:\paper\new\extract\第40章.json
2026-05-14 16:57:57 - __main__ - INFO - 正在处理 第44章.txt
2026-05-14 16:58:09 - __main__ - INFO - 保存结果到 E:\paper\new\extract\第44章.json
2026-05-14 16:58:09 - __main__ - INFO - 正在处理 第45章.txt
2026-05-14 16:58:13 - __main__ - INFO - 保存结果到 E:\paper\new\extract\第43章.json
2026-05-14 16:58:13 - __main__ - INFO - 正在处理 第46章.txt
2026-05-14 16:58:31 - __main__ - INFO - 保存结果到 E:\paper\new\extract\第42章.json
2026-05-14 16:58:31 - __main__ - INFO - 正在处理 第47章.txt
2026-05-14 16:58:40 - __main__ - INFO - 保存结果到 E:\paper\new\extract\第46章.json
2026-05-14 16:58:40 - __main__ - INFO - 正在处理 第48章.txt
2026-05-14 16:58:49 - __main__ - INFO - 保存结果到 E:\paper\new\extract\第45章.json
2026-05-14 16:58:49 - __main__ - INFO - 正在处理 第49章.txt
2026-05-14 16:59:03 - __main__ - INFO - 保存结果到 E:\paper\new\extract\第48章.json
2026-05-14 16:59:03 - __main__ - INFO - 正在处理 第4章.txt
2026-05-14 16:59:23 - __main__ - INFO - 保存结果到 E:\paper\new\extract\第47章.json
2026-05-14 16:59:23 - __main__ - INFO - 正在处理 第50章.txt
2026-05-14 16:59:27 - __main__ - INFO - 保存结果到 E:\paper\new\extract\第4章.json
2026-05-14 16:59:27 - __main__ - INFO - 正在处理 第51章.txt
2026-05-14 16:59:32 - __main__ - INFO - 保存结果到 E:\paper\new\extract\第50章.json
2026-05-14 16:59:32 - __main__ - INFO - 正在处理 第52章.txt
2026-05-14 16:59:41 - __main__ - INFO - 保存结果到 E:\paper\new\extract\第51章.json
2026-05-14 16:59:41 - __main__ - INFO - 正在处理 第53章.txt
2026-05-14 16:59:43 - __main__ - INFO - 保存结果到 E:\paper\new\extract\第49章.json
2026-05-14 16:59:43 - __main__ - INFO - 正在处理 第54章.txt
2026-05-14 16:59:51 - __main__ - INFO - 保存结果到 E:\paper\new\extract\第53章.json
2026-05-14 16:59:51 - __main__ - INFO - 正在处理 第55章.txt
2026-05-14 17:00:01 - __main__ - INFO - 保存结果到 E:\paper\new\extract\第54章.json
2026-05-14 17:00:01 - __main__ - INFO - 正在处理 第56章.txt
2026-05-14 17:00:03 - __main__ - INFO - 保存结果到 E:\paper\new\extract\第55章.json
2026-05-14 17:00:03 - __main__ - INFO - 正在处理 第57章.txt
2026-05-14 17:00:07 - __main__ - INFO - 保存结果到 E:\paper\new\extract\第52章.json
2026-05-14 17:00:07 - __main__ - INFO - 正在处理 第58章.txt
2026-05-14 17:00:14 - __main__ - INFO - 保存结果到 E:\paper\new\extract\第57章.json
2026-05-14 17:00:14 - __main__ - INFO - 正在处理 第59章.txt
2026-05-14 17:00:19 - __main__ - INFO - 保存结果到 E:\paper\new\extract\第58章.json
2026-05-14 17:00:19 - __main__ - INFO - 正在处理 第5章.txt
2026-05-14 17:00:25 - __main__ - INFO - 保存结果到 E:\paper\new\extract\第56章.json
2026-05-14 17:00:25 - __main__ - INFO - 正在处理 第60章.txt
2026-05-14 17:00:37 - __main__ - INFO - 保存结果到 E:\paper\new\extract\第5章.json
2026-05-14 17:00:37 - __main__ - INFO - 正在处理 第61章.txt
2026-05-14 17:00:43 - __main__ - INFO - 保存结果到 E:\paper\new\extract\第60章.json
2026-05-14 17:00:43 - __main__ - INFO - 正在处理 第62章.txt
2026-05-14 17:01:10 - __main__ - INFO - 保存结果到 E:\paper\new\extract\第62章.json
2026-05-14 17:01:10 - __main__ - INFO - 正在处理 第63章.txt
2026-05-14 17:01:15 - __main__ - INFO - 保存结果到 E:\paper\new\extract\第59章.json
2026-05-14 17:01:15 - __main__ - INFO - 正在处理 第64章.txt
2026-05-14 17:01:19 - __main__ - INFO - 保存结果到 E:\paper\new\extract\第64章.json
2026-05-14 17:01:19 - __main__ - INFO - 正在处理 第65章.txt
2026-05-14 17:01:21 - __main__ - INFO - 保存结果到 E:\paper\new\extract\第63章.json
2026-05-14 17:01:21 - __main__ - INFO - 正在处理 第66章.txt
2026-05-14 17:01:25 - __main__ - INFO - 保存结果到 E:\paper\new\extract\第61章.json
2026-05-14 17:01:25 - __main__ - INFO - 正在处理 第67章.txt
2026-05-14 17:01:32 - __main__ - INFO - 保存结果到 E:\paper\new\extract\第66章.json
2026-05-14 17:01:32 - __main__ - INFO - 正在处理 第68章.txt
2026-05-14 17:01:34 - __main__ - INFO - 保存结果到 E:\paper\new\extract\第65章.json
2026-05-14 17:01:34 - __main__ - INFO - 正在处理 第69章.txt
2026-05-14 17:01:48 - __main__ - INFO - 保存结果到 E:\paper\new\extract\第68章.json
2026-05-14 17:01:48 - __main__ - INFO - 正在处理 第6章.txt
2026-05-14 17:01:55 - __main__ - INFO - 保存结果到 E:\paper\new\extract\第6章.json
2026-05-14 17:01:55 - __main__ - INFO - 正在处理 第70章.txt
2026-05-14 17:02:01 - __main__ - INFO - 保存结果到 E:\paper\new\extract\第69章.json
2026-05-14 17:02:01 - __main__ - INFO - 正在处理 第71章.txt
2026-05-14 17:02:07 - __main__ - INFO - 保存结果到 E:\paper\new\extract\第67章.json
2026-05-14 17:02:07 - __main__ - INFO - 正在处理 第72章.txt
2026-05-14 17:02:15 - __main__ - INFO - 保存结果到 E:\paper\new\extract\第72章.json
2026-05-14 17:02:15 - __main__ - INFO - 正在处理 第73章.txt
2026-05-14 17:02:23 - __main__ - INFO - 保存结果到 E:\paper\new\extract\第70章.json
2026-05-14 17:02:23 - __main__ - INFO - 正在处理 第74章.txt
2026-05-14 17:02:27 - __main__ - INFO - 保存结果到 E:\paper\new\extract\第73章.json
2026-05-14 17:02:27 - __main__ - INFO - 正在处理 第75章.txt
2026-05-14 17:02:39 - __main__ - INFO - 保存结果到 E:\paper\new\extract\第71章.json
2026-05-14 17:02:39 - __main__ - INFO - 正在处理 第76章.txt
2026-05-14 17:02:41 - __main__ - INFO - 保存结果到 E:\paper\new\extract\第74章.json
2026-05-14 17:02:41 - __main__ - INFO - 正在处理 第77章.txt
2026-05-14 17:02:41 - __main__ - INFO - 保存结果到 E:\paper\new\extract\第75章.json
2026-05-14 17:02:41 - __main__ - INFO - 正在处理 第78章.txt
2026-05-14 17:02:49 - __main__ - INFO - 保存结果到 E:\paper\new\extract\第78章.json
2026-05-14 17:02:49 - __main__ - INFO - 正在处理 第79章.txt
2026-05-14 17:02:56 - __main__ - INFO - 保存结果到 E:\paper\new\extract\第79章.json
2026-05-14 17:02:56 - __main__ - INFO - 正在处理 第7章.txt
2026-05-14 17:02:56 - __main__ - INFO - 保存结果到 E:\paper\new\extract\第76章.json
2026-05-14 17:02:56 - __main__ - INFO - 正在处理 第80章.txt
2026-05-14 17:03:05 - __main__ - INFO - 保存结果到 E:\paper\new\extract\第7章.json
2026-05-14 17:03:05 - __main__ - INFO - 正在处理 第81章.txt
2026-05-14 17:03:12 - __main__ - INFO - 保存结果到 E:\paper\new\extract\第80章.json
2026-05-14 17:03:12 - __main__ - INFO - 正在处理 第82章.txt
2026-05-14 17:03:15 - __main__ - INFO - 保存结果到 E:\paper\new\extract\第77章.json
2026-05-14 17:03:15 - __main__ - INFO - 正在处理 第83章.txt
2026-05-14 17:03:42 - __main__ - INFO - 保存结果到 E:\paper\new\extract\第83章.json
2026-05-14 17:03:42 - __main__ - INFO - 正在处理 第84章.txt
2026-05-14 17:03:49 - __main__ - INFO - 保存结果到 E:\paper\new\extract\第84章.json
2026-05-14 17:03:49 - __main__ - INFO - 正在处理 第85章.txt
2026-05-14 17:03:55 - __main__ - INFO - 保存结果到 E:\paper\new\extract\第85章.json
2026-05-14 17:03:55 - __main__ - INFO - 正在处理 第86章.txt
2026-05-14 17:03:57 - __main__ - INFO - 保存结果到 E:\paper\new\extract\第81章.json
2026-05-14 17:03:57 - __main__ - INFO - 正在处理 第87章.txt
2026-05-14 17:04:00 - __main__ - INFO - 保存结果到 E:\paper\new\extract\第82章.json
2026-05-14 17:04:00 - __main__ - INFO - 正在处理 第88章.txt
2026-05-14 17:04:05 - __main__ - INFO - 保存结果到 E:\paper\new\extract\第86章.json
2026-05-14 17:04:05 - __main__ - INFO - 正在处理 第89章.txt
2026-05-14 17:04:07 - __main__ - INFO - 保存结果到 E:\paper\new\extract\第87章.json
2026-05-14 17:04:07 - __main__ - INFO - 正在处理 第8章.txt
2026-05-14 17:04:21 - __main__ - INFO - 保存结果到 E:\paper\new\extract\第89章.json
2026-05-14 17:04:21 - __main__ - INFO - 正在处理 第90章.txt
2026-05-14 17:04:28 - __main__ - INFO - 保存结果到 E:\paper\new\extract\第88章.json
2026-05-14 17:04:28 - __main__ - INFO - 正在处理 第91章.txt
2026-05-14 17:04:31 - __main__ - INFO - 保存结果到 E:\paper\new\extract\第8章.json
2026-05-14 17:04:31 - __main__ - INFO - 正在处理 第92章.txt
2026-05-14 17:04:56 - __main__ - INFO - 保存结果到 E:\paper\new\extract\第91章.json
2026-05-14 17:04:56 - __main__ - INFO - 正在处理 第93章.txt
2026-05-14 17:04:58 - __main__ - INFO - 保存结果到 E:\paper\new\extract\第92章.json
2026-05-14 17:04:58 - __main__ - INFO - 正在处理 第94章.txt
2026-05-14 17:05:02 - __main__ - INFO - 保存结果到 E:\paper\new\extract\第90章.json
2026-05-14 17:05:02 - __main__ - INFO - 正在处理 第95章.txt
2026-05-14 17:05:06 - __main__ - INFO - 保存结果到 E:\paper\new\extract\第93章.json
2026-05-14 17:05:06 - __main__ - INFO - 正在处理 第96章.txt
2026-05-14 17:05:13 - __main__ - INFO - 保存结果到 E:\paper\new\extract\第94章.json
2026-05-14 17:05:13 - __main__ - INFO - 正在处理 第97章.txt
2026-05-14 17:05:30 - __main__ - INFO - 保存结果到 E:\paper\new\extract\第95章.json
2026-05-14 17:05:30 - __main__ - INFO - 正在处理 第98章.txt
2026-05-14 17:05:40 - __main__ - INFO - 保存结果到 E:\paper\new\extract\第97章.json
2026-05-14 17:05:40 - __main__ - INFO - 正在处理 第99章.txt
2026-05-14 17:05:43 - __main__ - INFO - 保存结果到 E:\paper\new\extract\第99章.json
2026-05-14 17:05:43 - __main__ - INFO - 正在处理 第9章.txt
2026-05-14 17:05:48 - __main__ - INFO - 保存结果到 E:\paper\new\extract\第9章.json
2026-05-14 17:05:48 - __main__ - INFO - 正在处理 第一回.txt
2026-05-14 17:05:51 - __main__ - INFO - 保存结果到 E:\paper\new\extract\第96章.json
2026-05-14 17:05:51 - __main__ - INFO - 正在处理 第一百回.txt
2026-05-14 17:06:11 - __main__ - INFO - 保存结果到 E:\paper\new\extract\第一回.json
2026-05-14 17:06:11 - __main__ - INFO - 正在处理 第七十一回.txt
2026-05-14 17:06:23 - __main__ - INFO - 保存结果到 E:\paper\new\extract\第98章.json
2026-05-14 17:06:23 - __main__ - INFO - 正在处理 第七十七回.txt
2026-05-14 17:06:26 - __main__ - INFO - 保存结果到 E:\paper\new\extract\第七十一回.json
2026-05-14 17:06:26 - __main__ - INFO - 正在处理 第七十三回.txt
2026-05-14 17:06:34 - __main__ - INFO - 保存结果到 E:\paper\new\extract\第七十七回.json
2026-05-14 17:06:34 - __main__ - INFO - 正在处理 第七十九回.txt
2026-05-14 17:06:38 - __main__ - INFO - 保存结果到 E:\paper\new\extract\第七十三回.json
2026-05-14 17:06:38 - __main__ - INFO - 正在处理 第七十二回.txt
2026-05-14 17:06:39 - __main__ - INFO - 保存结果到 E:\paper\new\extract\第一百回.json
2026-05-14 17:06:39 - __main__ - INFO - 正在处理 第七十五回.txt
2026-05-14 17:06:44 - __main__ - INFO - 保存结果到 E:\paper\new\extract\第七十九回.json
2026-05-14 17:06:44 - __main__ - INFO - 正在处理 第七十八回.txt
2026-05-14 17:06:56 - __main__ - INFO - 保存结果到 E:\paper\new\extract\第七十八回.json
2026-05-14 17:06:56 - __main__ - INFO - 正在处理 第七十六回.txt
2026-05-14 17:07:07 - __main__ - INFO - 保存结果到 E:\paper\new\extract\第七十六回.json
2026-05-14 17:07:07 - __main__ - INFO - 正在处理 第七十四回.txt
2026-05-14 17:07:09 - __main__ - INFO - 保存结果到 E:\paper\new\extract\第七十五回.json
2026-05-14 17:07:09 - __main__ - INFO - 正在处理 第七十回.txt
2026-05-14 17:07:24 - __main__ - INFO - 保存结果到 E:\paper\new\extract\第七十回.json
2026-05-14 17:07:24 - __main__ - INFO - 正在处理 第七回.txt
2026-05-14 17:07:25 - __main__ - INFO - 保存结果到 E:\paper\new\extract\第七十二回.json
2026-05-14 17:07:25 - __main__ - INFO - 正在处理 第三十一回.txt
2026-05-14 17:07:33 - __main__ - INFO - 保存结果到 E:\paper\new\extract\第七回.json
2026-05-14 17:07:33 - __main__ - INFO - 正在处理 第三十七回.txt
2026-05-14 17:07:40 - __main__ - INFO - 保存结果到 E:\paper\new\extract\第三十一回.json
2026-05-14 17:07:40 - __main__ - INFO - 正在处理 第三十三回.txt
2026-05-14 17:07:45 - __main__ - INFO - 保存结果到 E:\paper\new\extract\第三十七回.json
2026-05-14 17:07:45 - __main__ - INFO - 正在处理 第三十九回.txt
2026-05-14 17:08:13 - __main__ - INFO - 保存结果到 E:\paper\new\extract\第三十三回.json
2026-05-14 17:08:13 - __main__ - INFO - 正在处理 第三十二回.txt
2026-05-14 17:08:31 - __main__ - INFO - 保存结果到 E:\paper\new\extract\第七十四回.json
2026-05-14 17:08:31 - __main__ - INFO - 正在处理 第三十五回.txt
2026-05-14 17:08:35 - __main__ - INFO - 保存结果到 E:\paper\new\extract\第三十二回.json
2026-05-14 17:08:35 - __main__ - INFO - 正在处理 第三十八回.txt
2026-05-14 17:08:47 - __main__ - INFO - 保存结果到 E:\paper\new\extract\第三十八回.json
2026-05-14 17:08:47 - __main__ - INFO - 正在处理 第三十六回.txt
2026-05-14 17:09:03 - __main__ - INFO - 保存结果到 E:\paper\new\extract\第三十九回.json
2026-05-14 17:09:03 - __main__ - INFO - 正在处理 第三十四回.txt
2026-05-14 17:09:15 - __main__ - INFO - 保存结果到 E:\paper\new\extract\第三十四回.json
2026-05-14 17:09:15 - __main__ - INFO - 正在处理 第三十回.txt
2026-05-14 17:09:21 - __main__ - INFO - 保存结果到 E:\paper\new\extract\第三十六回.json
2026-05-14 17:09:21 - __main__ - INFO - 正在处理 第三回.txt
2026-05-14 17:09:23 - __main__ - INFO - 保存结果到 E:\paper\new\extract\第三十回.json
2026-05-14 17:09:23 - __main__ - INFO - 正在处理 第九十一回.txt
2026-05-14 17:09:31 - __main__ - INFO - 保存结果到 E:\paper\new\extract\第三回.json
2026-05-14 17:09:31 - __main__ - INFO - 正在处理 第九十七回.txt
2026-05-14 17:09:34 - __main__ - INFO - 保存结果到 E:\paper\new\extract\第九十一回.json
2026-05-14 17:09:34 - __main__ - INFO - 正在处理 第九十三回.txt
2026-05-14 17:09:35 - __main__ - INFO - 保存结果到 E:\paper\new\extract\第三十五回.json
2026-05-14 17:09:35 - __main__ - INFO - 正在处理 第九十九回.txt
2026-05-14 17:09:37 - __main__ - INFO - 保存结果到 E:\paper\new\extract\第九十九回.json
2026-05-14 17:09:37 - __main__ - INFO - 正在处理 第九十二回.txt
2026-05-14 17:09:42 - __main__ - INFO - 保存结果到 E:\paper\new\extract\第九十七回.json
2026-05-14 17:09:42 - __main__ - INFO - 正在处理 第九十五回.txt
2026-05-14 17:09:54 - __main__ - INFO - 保存结果到 E:\paper\new\extract\第九十三回.json
2026-05-14 17:09:54 - __main__ - INFO - 正在处理 第九十八回.txt
2026-05-14 17:10:05 - __main__ - INFO - 保存结果到 E:\paper\new\extract\第九十五回.json
2026-05-14 17:10:05 - __main__ - INFO - 正在处理 第九十六回.txt
2026-05-14 17:10:16 - __main__ - INFO - 保存结果到 E:\paper\new\extract\第九十八回.json
2026-05-14 17:10:16 - __main__ - INFO - 正在处理 第九十四回.txt
2026-05-14 17:10:16 - __main__ - INFO - 保存结果到 E:\paper\new\extract\第九十六回.json
2026-05-14 17:10:16 - __main__ - INFO - 正在处理 第九十回.txt
2026-05-14 17:10:22 - __main__ - INFO - 保存结果到 E:\paper\new\extract\第九十回.json
2026-05-14 17:10:22 - __main__ - INFO - 正在处理 第九回.txt
2026-05-14 17:10:31 - __main__ - INFO - 保存结果到 E:\paper\new\extract\第九十四回.json
2026-05-14 17:10:31 - __main__ - INFO - 正在处理 第二十一回.txt
2026-05-14 17:10:32 - __main__ - INFO - 保存结果到 E:\paper\new\extract\第九十二回.json
2026-05-14 17:10:32 - __main__ - INFO - 正在处理 第二十七回.txt
2026-05-14 17:10:33 - __main__ - INFO - 保存结果到 E:\paper\new\extract\第九回.json
2026-05-14 17:10:33 - __main__ - INFO - 正在处理 第二十三回.txt
2026-05-14 17:10:44 - __main__ - INFO - 保存结果到 E:\paper\new\extract\第二十三回.json
2026-05-14 17:10:44 - __main__ - INFO - 正在处理 第二十九回.txt
2026-05-14 17:10:48 - __main__ - INFO - 保存结果到 E:\paper\new\extract\第二十七回.json
2026-05-14 17:10:48 - __main__ - INFO - 正在处理 第二十二回.txt
2026-05-14 17:10:52 - __main__ - INFO - 保存结果到 E:\paper\new\extract\第二十一回.json
2026-05-14 17:10:52 - __main__ - INFO - 正在处理 第二十五回.txt
2026-05-14 17:10:53 - __main__ - INFO - 保存结果到 E:\paper\new\extract\第二十九回.json
2026-05-14 17:10:53 - __main__ - INFO - 正在处理 第二十八回.txt
2026-05-14 17:11:08 - __main__ - INFO - 保存结果到 E:\paper\new\extract\第二十五回.json
2026-05-14 17:11:08 - __main__ - INFO - 正在处理 第二十六回.txt
2026-05-14 17:11:13 - __main__ - INFO - 保存结果到 E:\paper\new\extract\第二十二回.json
2026-05-14 17:11:13 - __main__ - INFO - 正在处理 第二十四回.txt
2026-05-14 17:11:18 - __main__ - INFO - 保存结果到 E:\paper\new\extract\第二十八回.json
2026-05-14 17:11:18 - __main__ - INFO - 正在处理 第二十回.txt
2026-05-14 17:11:30 - __main__ - INFO - 保存结果到 E:\paper\new\extract\第二十四回.json
2026-05-14 17:11:30 - __main__ - INFO - 正在处理 第二回.txt
2026-05-14 17:11:31 - __main__ - INFO - 保存结果到 E:\paper\new\extract\第二十六回.json
2026-05-14 17:11:31 - __main__ - INFO - 正在处理 第五十一回.txt
2026-05-14 17:11:45 - __main__ - INFO - 保存结果到 E:\paper\new\extract\第五十一回.json
2026-05-14 17:11:45 - __main__ - INFO - 正在处理 第五十七回.txt
2026-05-14 17:11:50 - __main__ - INFO - 保存结果到 E:\paper\new\extract\第五十七回.json
2026-05-14 17:11:50 - __main__ - INFO - 正在处理 第五十三回.txt
2026-05-14 17:11:51 - __main__ - INFO - 保存结果到 E:\paper\new\extract\第二回.json
2026-05-14 17:11:51 - __main__ - INFO - 正在处理 第五十九回.txt
2026-05-14 17:11:54 - __main__ - INFO - 保存结果到 E:\paper\new\extract\第五十三回.json
2026-05-14 17:11:54 - __main__ - INFO - 正在处理 第五十二回.txt
2026-05-14 17:12:06 - __main__ - INFO - 保存结果到 E:\paper\new\extract\第五十九回.json
2026-05-14 17:12:06 - __main__ - INFO - 正在处理 第五十五回.txt
2026-05-14 17:12:16 - __main__ - INFO - 保存结果到 E:\paper\new\extract\第二十回.json
2026-05-14 17:12:16 - __main__ - INFO - 正在处理 第五十八回.txt
2026-05-14 17:12:27 - __main__ - INFO - 保存结果到 E:\paper\new\extract\第五十五回.json
2026-05-14 17:12:27 - __main__ - INFO - 正在处理 第五十六回.txt
2026-05-14 17:12:28 - __main__ - INFO - 保存结果到 E:\paper\new\extract\第五十二回.json
2026-05-14 17:12:28 - __main__ - INFO - 正在处理 第五十四回.txt
2026-05-14 17:12:36 - __main__ - INFO - 保存结果到 E:\paper\new\extract\第五十八回.json
2026-05-14 17:12:36 - __main__ - INFO - 正在处理 第五十回.txt
2026-05-14 17:12:39 - __main__ - INFO - 保存结果到 E:\paper\new\extract\第五十四回.json
2026-05-14 17:12:39 - __main__ - INFO - 正在处理 第五回.txt
2026-05-14 17:12:49 - __main__ - INFO - 保存结果到 E:\paper\new\extract\第五十回.json
2026-05-14 17:12:49 - __main__ - INFO - 正在处理 第八十一回.txt
2026-05-14 17:12:54 - __main__ - INFO - 保存结果到 E:\paper\new\extract\第五回.json
2026-05-14 17:12:54 - __main__ - INFO - 正在处理 第八十七回.txt
2026-05-14 17:12:57 - __main__ - INFO - 保存结果到 E:\paper\new\extract\第五十六回.json
2026-05-14 17:12:57 - __main__ - INFO - 正在处理 第八十三回.txt
2026-05-14 17:13:03 - __main__ - INFO - 保存结果到 E:\paper\new\extract\第八十七回.json
2026-05-14 17:13:03 - __main__ - INFO - 正在处理 第八十九回.txt
2026-05-14 17:13:29 - __main__ - INFO - 保存结果到 E:\paper\new\extract\第八十一回.json
2026-05-14 17:13:29 - __main__ - INFO - 正在处理 第八十二回.txt
2026-05-14 17:13:36 - __main__ - INFO - 保存结果到 E:\paper\new\extract\第八十九回.json
2026-05-14 17:13:36 - __main__ - INFO - 正在处理 第八十五回.txt
2026-05-14 17:13:43 - __main__ - INFO - 保存结果到 E:\paper\new\extract\第八十五回.json
2026-05-14 17:13:43 - __main__ - INFO - 正在处理 第八十八回.txt
2026-05-14 17:13:53 - __main__ - INFO - 保存结果到 E:\paper\new\extract\第八十二回.json
2026-05-14 17:13:53 - __main__ - INFO - 正在处理 第八十六回.txt
2026-05-14 17:13:54 - __main__ - INFO - 保存结果到 E:\paper\new\extract\第八十八回.json
2026-05-14 17:13:54 - __main__ - INFO - 正在处理 第八十四回.txt
2026-05-14 17:14:01 - __main__ - INFO - 保存结果到 E:\paper\new\extract\第八十四回.json
2026-05-14 17:14:01 - __main__ - INFO - 正在处理 第八十回.txt
2026-05-14 17:14:01 - __main__ - INFO - 保存结果到 E:\paper\new\extract\第八十三回.json
2026-05-14 17:14:01 - __main__ - INFO - 正在处理 第八回.txt
2026-05-14 17:14:12 - __main__ - INFO - 保存结果到 E:\paper\new\extract\第八十六回.json
2026-05-14 17:14:12 - __main__ - INFO - 正在处理 第六十一回.txt
2026-05-14 17:14:26 - __main__ - INFO - 保存结果到 E:\paper\new\extract\第六十一回.json
2026-05-14 17:14:26 - __main__ - INFO - 正在处理 第六十七回.txt
2026-05-14 17:14:35 - __main__ - INFO - 保存结果到 E:\paper\new\extract\第八十回.json
2026-05-14 17:14:35 - __main__ - INFO - 正在处理 第六十三回.txt
2026-05-14 17:14:47 - __main__ - INFO - 保存结果到 E:\paper\new\extract\第八回.json
2026-05-14 17:14:47 - __main__ - INFO - 正在处理 第六十九回.txt
2026-05-14 17:14:50 - __main__ - INFO - 保存结果到 E:\paper\new\extract\第六十三回.json
2026-05-14 17:14:50 - __main__ - INFO - 正在处理 第六十二回.txt
2026-05-14 17:15:01 - __main__ - INFO - 保存结果到 E:\paper\new\extract\第六十九回.json
2026-05-14 17:15:01 - __main__ - INFO - 正在处理 第六十五回.txt
2026-05-14 17:15:11 - __main__ - INFO - 保存结果到 E:\paper\new\extract\第六十二回.json
2026-05-14 17:15:11 - __main__ - INFO - 正在处理 第六十八回.txt
2026-05-14 17:15:19 - __main__ - INFO - 保存结果到 E:\paper\new\extract\第六十五回.json
2026-05-14 17:15:19 - __main__ - INFO - 正在处理 第六十六回.txt
2026-05-14 17:15:40 - __main__ - INFO - 保存结果到 E:\paper\new\extract\第六十七回.json
2026-05-14 17:15:40 - __main__ - INFO - 正在处理 第六十四回.txt
2026-05-14 17:15:41 - __main__ - INFO - 保存结果到 E:\paper\new\extract\第六十六回.json
2026-05-14 17:15:41 - __main__ - INFO - 正在处理 第六十回.txt
2026-05-14 17:16:01 - __main__ - INFO - 保存结果到 E:\paper\new\extract\第六十四回.json
2026-05-14 17:16:01 - __main__ - INFO - 正在处理 第六回.txt
2026-05-14 17:16:04 - __main__ - INFO - 保存结果到 E:\paper\new\extract\第六十八回.json
2026-05-14 17:16:04 - __main__ - INFO - 正在处理 第十一回.txt
2026-05-14 17:16:05 - __main__ - INFO - 保存结果到 E:\paper\new\extract\第六十回.json
2026-05-14 17:16:05 - __main__ - INFO - 正在处理 第十七回.txt
2026-05-14 17:16:11 - __main__ - INFO - 保存结果到 E:\paper\new\extract\第六回.json
2026-05-14 17:16:11 - __main__ - INFO - 正在处理 第十三回.txt
2026-05-14 17:16:17 - __main__ - INFO - 保存结果到 E:\paper\new\extract\第十三回.json
2026-05-14 17:16:17 - __main__ - INFO - 正在处理 第十九回.txt
2026-05-14 17:16:24 - __main__ - INFO - 保存结果到 E:\paper\new\extract\第十七回.json
2026-05-14 17:16:24 - __main__ - INFO - 正在处理 第十二回.txt
2026-05-14 17:16:35 - __main__ - INFO - 保存结果到 E:\paper\new\extract\第十一回.json
2026-05-14 17:16:35 - __main__ - INFO - 正在处理 第十五回.txt
2026-05-14 17:16:38 - __main__ - INFO - 保存结果到 E:\paper\new\extract\第十二回.json
2026-05-14 17:16:38 - __main__ - INFO - 正在处理 第十八回.txt
2026-05-14 17:16:41 - __main__ - INFO - 保存结果到 E:\paper\new\extract\第十九回.json
2026-05-14 17:16:41 - __main__ - INFO - 正在处理 第十六回.txt
2026-05-14 17:16:46 - __main__ - INFO - 保存结果到 E:\paper\new\extract\第十八回.json
2026-05-14 17:16:46 - __main__ - INFO - 正在处理 第十四回.txt
2026-05-14 17:16:48 - __main__ - INFO - 保存结果到 E:\paper\new\extract\第十六回.json
2026-05-14 17:16:48 - __main__ - INFO - 正在处理 第十回.txt
2026-05-14 17:16:56 - __main__ - INFO - 保存结果到 E:\paper\new\extract\第十回.json
2026-05-14 17:16:56 - __main__ - INFO - 正在处理 第四十一回.txt
2026-05-14 17:17:08 - __main__ - INFO - 保存结果到 E:\paper\new\extract\第四十一回.json
2026-05-14 17:17:08 - __main__ - INFO - 正在处理 第四十七回.txt
2026-05-14 17:17:09 - __main__ - INFO - 保存结果到 E:\paper\new\extract\第十五回.json
2026-05-14 17:17:09 - __main__ - INFO - 正在处理 第四十三回.txt
2026-05-14 17:17:15 - __main__ - INFO - 保存结果到 E:\paper\new\extract\第十四回.json
2026-05-14 17:17:15 - __main__ - INFO - 正在处理 第四十九回.txt
2026-05-14 17:17:31 - __main__ - INFO - 保存结果到 E:\paper\new\extract\第四十三回.json
2026-05-14 17:17:31 - __main__ - INFO - 正在处理 第四十二回.txt
2026-05-14 17:17:33 - __main__ - INFO - 保存结果到 E:\paper\new\extract\第四十七回.json
2026-05-14 17:17:33 - __main__ - INFO - 正在处理 第四十五回.txt
2026-05-14 17:17:52 - __main__ - INFO - 保存结果到 E:\paper\new\extract\第四十九回.json
2026-05-14 17:17:52 - __main__ - INFO - 正在处理 第四十八回.txt
2026-05-14 17:17:58 - __main__ - INFO - 保存结果到 E:\paper\new\extract\第四十五回.json
2026-05-14 17:17:58 - __main__ - INFO - 正在处理 第四十六回.txt
2026-05-14 17:18:16 - __main__ - INFO - 保存结果到 E:\paper\new\extract\第四十八回.json
2026-05-14 17:18:16 - __main__ - INFO - 正在处理 第四十四回.txt
2026-05-14 17:18:22 - __main__ - INFO - 保存结果到 E:\paper\new\extract\第四十六回.json
2026-05-14 17:18:22 - __main__ - INFO - 正在处理 第四十回.txt
2026-05-14 17:18:27 - __main__ - INFO - 保存结果到 E:\paper\new\extract\第四十四回.json
2026-05-14 17:18:27 - __main__ - INFO - 正在处理 第四回.txt
2026-05-14 17:18:44 - __main__ - INFO - 保存结果到 E:\paper\new\extract\第四回.json
2026-05-14 17:18:46 - __main__ - INFO - 保存结果到 E:\paper\new\extract\第四十回.json
2026-05-14 17:18:48 - __main__ - INFO - 保存结果到 E:\paper\new\extract\第四十二回.json
2026-05-14 17:18:48 - __main__ - INFO - filter 找到 200 个文件
2026-05-14 17:18:48 - __main__ - INFO - 正在处理 第100章.json
2026-05-14 17:18:48 - __main__ - INFO - 正在处理 第10章.json
2026-05-14 17:18:48 - __main__ - INFO - 正在处理 第11章.json
2026-05-14 17:18:53 - __main__ - INFO - 保存结果到 E:\paper\new\filter\第100章.json
2026-05-14 17:18:53 - __main__ - INFO - 正在处理 第12章.json
2026-05-14 17:19:02 - __main__ - INFO - 保存结果到 E:\paper\new\filter\第12章.json
2026-05-14 17:19:02 - __main__ - INFO - 正在处理 第13章.json
2026-05-14 17:19:06 - __main__ - INFO - 保存结果到 E:\paper\new\filter\第11章.json
2026-05-14 17:19:06 - __main__ - INFO - 正在处理 第14章.json
2026-05-14 17:19:13 - __main__ - INFO - 保存结果到 E:\paper\new\filter\第10章.json
2026-05-14 17:19:13 - __main__ - INFO - 正在处理 第15章.json
2026-05-14 17:19:22 - __main__ - INFO - 保存结果到 E:\paper\new\filter\第13章.json
2026-05-14 17:19:22 - __main__ - INFO - 正在处理 第16章.json
2026-05-14 17:19:33 - __main__ - INFO - 保存结果到 E:\paper\new\filter\第15章.json
2026-05-14 17:19:33 - __main__ - INFO - 正在处理 第17章.json
2026-05-14 17:19:33 - __main__ - INFO - 保存结果到 E:\paper\new\filter\第14章.json
2026-05-14 17:19:33 - __main__ - INFO - 正在处理 第18章.json
2026-05-14 17:19:37 - __main__ - INFO - 保存结果到 E:\paper\new\filter\第16章.json
2026-05-14 17:19:37 - __main__ - INFO - 正在处理 第19章.json
2026-05-14 17:20:02 - __main__ - INFO - 保存结果到 E:\paper\new\filter\第18章.json
2026-05-14 17:20:02 - __main__ - INFO - 正在处理 第1章.json
2026-05-14 17:20:08 - __main__ - INFO - 保存结果到 E:\paper\new\filter\第19章.json
2026-05-14 17:20:08 - __main__ - INFO - 正在处理 第20章.json
2026-05-14 17:20:22 - __main__ - INFO - 保存结果到 E:\paper\new\filter\第17章.json
2026-05-14 17:20:22 - __main__ - INFO - 正在处理 第21章.json
2026-05-14 17:20:23 - __main__ - INFO - 保存结果到 E:\paper\new\filter\第20章.json
2026-05-14 17:20:23 - __main__ - INFO - 正在处理 第22章.json
2026-05-14 17:20:26 - __main__ - INFO - 保存结果到 E:\paper\new\filter\第1章.json
2026-05-14 17:20:26 - __main__ - INFO - 正在处理 第23章.json
2026-05-14 17:20:32 - __main__ - INFO - 保存结果到 E:\paper\new\filter\第21章.json
2026-05-14 17:20:32 - __main__ - INFO - 正在处理 第24章.json
2026-05-14 17:20:38 - __main__ - INFO - 保存结果到 E:\paper\new\filter\第22章.json
2026-05-14 17:20:38 - __main__ - INFO - 正在处理 第25章.json
2026-05-14 17:20:40 - __main__ - INFO - 保存结果到 E:\paper\new\filter\第23章.json
2026-05-14 17:20:40 - __main__ - INFO - 正在处理 第26章.json
2026-05-14 17:20:50 - __main__ - INFO - 保存结果到 E:\paper\new\filter\第25章.json
2026-05-14 17:20:50 - __main__ - INFO - 正在处理 第27章.json
2026-05-14 17:20:53 - __main__ - INFO - 保存结果到 E:\paper\new\filter\第26章.json
2026-05-14 17:20:53 - __main__ - INFO - 正在处理 第28章.json
2026-05-14 17:20:55 - __main__ - INFO - 保存结果到 E:\paper\new\filter\第24章.json
2026-05-14 17:20:55 - __main__ - INFO - 正在处理 第29章.json
2026-05-14 17:21:13 - __main__ - INFO - 保存结果到 E:\paper\new\filter\第28章.json
2026-05-14 17:21:13 - __main__ - INFO - 正在处理 第2章.json
2026-05-14 17:21:14 - __main__ - INFO - 保存结果到 E:\paper\new\filter\第27章.json
2026-05-14 17:21:14 - __main__ - INFO - 正在处理 第30章.json
2026-05-14 17:21:18 - __main__ - INFO - 保存结果到 E:\paper\new\filter\第30章.json
2026-05-14 17:21:18 - __main__ - INFO - 正在处理 第31章.json
2026-05-14 17:21:22 - __main__ - INFO - 保存结果到 E:\paper\new\filter\第29章.json
2026-05-14 17:21:22 - __main__ - INFO - 正在处理 第32章.json
2026-05-14 17:21:29 - __main__ - INFO - 保存结果到 E:\paper\new\filter\第2章.json
2026-05-14 17:21:29 - __main__ - INFO - 正在处理 第33章.json
2026-05-14 17:21:40 - __main__ - INFO - 保存结果到 E:\paper\new\filter\第31章.json
2026-05-14 17:21:40 - __main__ - INFO - 正在处理 第34章.json
2026-05-14 17:21:51 - __main__ - INFO - 保存结果到 E:\paper\new\filter\第33章.json
2026-05-14 17:21:51 - __main__ - INFO - 正在处理 第35章.json
2026-05-14 17:21:59 - __main__ - INFO - 保存结果到 E:\paper\new\filter\第32章.json
2026-05-14 17:21:59 - __main__ - INFO - 正在处理 第36章.json
2026-05-14 17:22:05 - __main__ - INFO - 保存结果到 E:\paper\new\filter\第34章.json
2026-05-14 17:22:05 - __main__ - INFO - 正在处理 第37章.json
2026-05-14 17:22:19 - __main__ - INFO - 保存结果到 E:\paper\new\filter\第35章.json
2026-05-14 17:22:19 - __main__ - INFO - 正在处理 第38章.json
2026-05-14 17:22:27 - __main__ - INFO - 保存结果到 E:\paper\new\filter\第36章.json
2026-05-14 17:22:27 - __main__ - INFO - 正在处理 第39章.json
2026-05-14 17:22:30 - __main__ - INFO - 保存结果到 E:\paper\new\filter\第38章.json
2026-05-14 17:22:30 - __main__ - INFO - 正在处理 第3章.json
2026-05-14 17:22:35 - __main__ - INFO - 保存结果到 E:\paper\new\filter\第37章.json
2026-05-14 17:22:35 - __main__ - INFO - 正在处理 第40章.json
2026-05-14 17:22:57 - __main__ - INFO - 保存结果到 E:\paper\new\filter\第3章.json
2026-05-14 17:22:57 - __main__ - INFO - 正在处理 第41章.json
2026-05-14 17:22:58 - __main__ - INFO - 保存结果到 E:\paper\new\filter\第40章.json
2026-05-14 17:22:58 - __main__ - INFO - 正在处理 第42章.json
2026-05-14 17:23:19 - __main__ - INFO - 保存结果到 E:\paper\new\filter\第39章.json
2026-05-14 17:23:19 - __main__ - INFO - 正在处理 第43章.json
2026-05-14 17:23:32 - __main__ - INFO - 保存结果到 E:\paper\new\filter\第41章.json
2026-05-14 17:23:32 - __main__ - INFO - 正在处理 第44章.json
2026-05-14 17:23:37 - __main__ - INFO - 保存结果到 E:\paper\new\filter\第42章.json
2026-05-14 17:23:37 - __main__ - INFO - 正在处理 第45章.json
2026-05-14 17:23:41 - __main__ - INFO - 保存结果到 E:\paper\new\filter\第43章.json
2026-05-14 17:23:41 - __main__ - INFO - 正在处理 第46章.json
2026-05-14 17:23:49 - __main__ - INFO - 保存结果到 E:\paper\new\filter\第45章.json
2026-05-14 17:23:49 - __main__ - INFO - 正在处理 第47章.json
2026-05-14 17:23:56 - __main__ - INFO - 保存结果到 E:\paper\new\filter\第44章.json
2026-05-14 17:23:56 - __main__ - INFO - 正在处理 第48章.json
2026-05-14 17:23:57 - __main__ - INFO - 保存结果到 E:\paper\new\filter\第46章.json
2026-05-14 17:23:57 - __main__ - INFO - 正在处理 第49章.json
2026-05-14 17:24:09 - __main__ - INFO - 保存结果到 E:\paper\new\filter\第47章.json
2026-05-14 17:24:09 - __main__ - INFO - 正在处理 第4章.json
2026-05-14 17:24:13 - __main__ - INFO - 保存结果到 E:\paper\new\filter\第48章.json
2026-05-14 17:24:13 - __main__ - INFO - 正在处理 第50章.json
2026-05-14 17:24:19 - __main__ - INFO - 保存结果到 E:\paper\new\filter\第49章.json
2026-05-14 17:24:19 - __main__ - INFO - 正在处理 第51章.json
2026-05-14 17:24:30 - __main__ - INFO - 保存结果到 E:\paper\new\filter\第4章.json
2026-05-14 17:24:30 - __main__ - INFO - 正在处理 第52章.json
2026-05-14 17:24:36 - __main__ - INFO - 保存结果到 E:\paper\new\filter\第50章.json
2026-05-14 17:24:36 - __main__ - INFO - 正在处理 第53章.json
2026-05-14 17:24:45 - __main__ - INFO - 保存结果到 E:\paper\new\filter\第53章.json
2026-05-14 17:24:45 - __main__ - INFO - 正在处理 第54章.json
2026-05-14 17:25:02 - __main__ - INFO - 保存结果到 E:\paper\new\filter\第54章.json
2026-05-14 17:25:02 - __main__ - INFO - 正在处理 第55章.json
2026-05-14 17:25:03 - __main__ - INFO - 保存结果到 E:\paper\new\filter\第51章.json
2026-05-14 17:25:03 - __main__ - INFO - 正在处理 第56章.json
2026-05-14 17:25:08 - __main__ - INFO - 保存结果到 E:\paper\new\filter\第52章.json
2026-05-14 17:25:08 - __main__ - INFO - 正在处理 第57章.json
2026-05-14 17:25:20 - __main__ - INFO - 保存结果到 E:\paper\new\filter\第55章.json
2026-05-14 17:25:20 - __main__ - INFO - 正在处理 第58章.json
2026-05-14 17:25:21 - __main__ - INFO - 保存结果到 E:\paper\new\filter\第57章.json
2026-05-14 17:25:21 - __main__ - INFO - 正在处理 第59章.json
2026-05-14 17:25:31 - __main__ - INFO - 保存结果到 E:\paper\new\filter\第56章.json
2026-05-14 17:25:31 - __main__ - INFO - 正在处理 第5章.json
2026-05-14 17:25:35 - __main__ - INFO - 保存结果到 E:\paper\new\filter\第59章.json
2026-05-14 17:25:35 - __main__ - INFO - 正在处理 第60章.json
2026-05-14 17:25:44 - __main__ - INFO - 保存结果到 E:\paper\new\filter\第58章.json
2026-05-14 17:25:44 - __main__ - INFO - 正在处理 第61章.json
2026-05-14 17:25:50 - __main__ - INFO - 保存结果到 E:\paper\new\filter\第5章.json
2026-05-14 17:25:50 - __main__ - INFO - 正在处理 第62章.json
2026-05-14 17:25:55 - __main__ - INFO - 保存结果到 E:\paper\new\filter\第60章.json
2026-05-14 17:25:55 - __main__ - INFO - 正在处理 第63章.json
2026-05-14 17:25:59 - __main__ - INFO - 保存结果到 E:\paper\new\filter\第61章.json
2026-05-14 17:25:59 - __main__ - INFO - 正在处理 第64章.json
2026-05-14 17:26:06 - __main__ - INFO - 保存结果到 E:\paper\new\filter\第64章.json
2026-05-14 17:26:06 - __main__ - INFO - 正在处理 第65章.json
2026-05-14 17:26:12 - __main__ - INFO - 保存结果到 E:\paper\new\filter\第62章.json
2026-05-14 17:26:12 - __main__ - INFO - 正在处理 第66章.json
2026-05-14 17:26:15 - __main__ - INFO - 保存结果到 E:\paper\new\filter\第63章.json
2026-05-14 17:26:15 - __main__ - INFO - 正在处理 第67章.json
2026-05-14 17:26:18 - __main__ - INFO - 保存结果到 E:\paper\new\filter\第65章.json
2026-05-14 17:26:18 - __main__ - INFO - 正在处理 第68章.json
2026-05-14 17:26:27 - __main__ - INFO - 保存结果到 E:\paper\new\filter\第66章.json
2026-05-14 17:26:27 - __main__ - INFO - 正在处理 第69章.json
2026-05-14 17:26:35 - __main__ - INFO - 保存结果到 E:\paper\new\filter\第68章.json
2026-05-14 17:26:35 - __main__ - INFO - 正在处理 第6章.json
2026-05-14 17:26:36 - __main__ - INFO - 保存结果到 E:\paper\new\filter\第67章.json
2026-05-14 17:26:36 - __main__ - INFO - 正在处理 第70章.json
2026-05-14 17:26:45 - __main__ - INFO - 保存结果到 E:\paper\new\filter\第6章.json
2026-05-14 17:26:45 - __main__ - INFO - 正在处理 第71章.json
2026-05-14 17:26:50 - __main__ - INFO - 保存结果到 E:\paper\new\filter\第69章.json
2026-05-14 17:26:50 - __main__ - INFO - 正在处理 第72章.json
2026-05-14 17:27:02 - __main__ - INFO - 保存结果到 E:\paper\new\filter\第72章.json
2026-05-14 17:27:02 - __main__ - INFO - 正在处理 第73章.json
2026-05-14 17:27:10 - __main__ - INFO - 保存结果到 E:\paper\new\filter\第71章.json
2026-05-14 17:27:10 - __main__ - INFO - 正在处理 第74章.json
2026-05-14 17:27:11 - __main__ - INFO - 保存结果到 E:\paper\new\filter\第70章.json
2026-05-14 17:27:11 - __main__ - INFO - 正在处理 第75章.json
2026-05-14 17:27:33 - __main__ - INFO - 保存结果到 E:\paper\new\filter\第73章.json
2026-05-14 17:27:33 - __main__ - INFO - 正在处理 第76章.json
2026-05-14 17:27:37 - __main__ - INFO - 保存结果到 E:\paper\new\filter\第75章.json
2026-05-14 17:27:37 - __main__ - INFO - 正在处理 第77章.json
2026-05-14 17:27:48 - __main__ - INFO - 保存结果到 E:\paper\new\filter\第77章.json
2026-05-14 17:27:48 - __main__ - INFO - 正在处理 第78章.json
2026-05-14 17:27:53 - __main__ - INFO - 保存结果到 E:\paper\new\filter\第76章.json
2026-05-14 17:27:53 - __main__ - INFO - 正在处理 第79章.json
2026-05-14 17:27:54 - __main__ - INFO - 保存结果到 E:\paper\new\filter\第74章.json
2026-05-14 17:27:54 - __main__ - INFO - 正在处理 第7章.json
2026-05-14 17:28:04 - __main__ - INFO - 保存结果到 E:\paper\new\filter\第78章.json
2026-05-14 17:28:04 - __main__ - INFO - 正在处理 第80章.json
2026-05-14 17:28:05 - __main__ - INFO - 保存结果到 E:\paper\new\filter\第7章.json
2026-05-14 17:28:06 - __main__ - INFO - 正在处理 第81章.json
2026-05-14 17:28:11 - __main__ - INFO - 保存结果到 E:\paper\new\filter\第79章.json
2026-05-14 17:28:11 - __main__ - INFO - 正在处理 第82章.json
2026-05-14 17:28:15 - __main__ - INFO - 保存结果到 E:\paper\new\filter\第80章.json
2026-05-14 17:28:15 - __main__ - INFO - 正在处理 第83章.json
2026-05-14 17:28:32 - __main__ - INFO - 保存结果到 E:\paper\new\filter\第83章.json
2026-05-14 17:28:32 - __main__ - INFO - 正在处理 第84章.json
2026-05-14 17:28:35 - __main__ - INFO - 保存结果到 E:\paper\new\filter\第81章.json
2026-05-14 17:28:35 - __main__ - INFO - 正在处理 第85章.json
2026-05-14 17:28:43 - __main__ - INFO - 保存结果到 E:\paper\new\filter\第84章.json
2026-05-14 17:28:43 - __main__ - INFO - 正在处理 第86章.json
2026-05-14 17:28:45 - __main__ - INFO - 保存结果到 E:\paper\new\filter\第82章.json
2026-05-14 17:28:45 - __main__ - INFO - 正在处理 第87章.json
2026-05-14 17:28:57 - __main__ - INFO - 保存结果到 E:\paper\new\filter\第85章.json
2026-05-14 17:28:57 - __main__ - INFO - 正在处理 第88章.json
2026-05-14 17:29:04 - __main__ - INFO - 保存结果到 E:\paper\new\filter\第86章.json
2026-05-14 17:29:04 - __main__ - INFO - 正在处理 第89章.json
2026-05-14 17:29:11 - __main__ - INFO - 保存结果到 E:\paper\new\filter\第87章.json
2026-05-14 17:29:11 - __main__ - INFO - 正在处理 第8章.json
2026-05-14 17:29:13 - __main__ - INFO - 保存结果到 E:\paper\new\filter\第88章.json
2026-05-14 17:29:13 - __main__ - INFO - 正在处理 第90章.json
2026-05-14 17:29:17 - __main__ - INFO - 保存结果到 E:\paper\new\filter\第89章.json
2026-05-14 17:29:17 - __main__ - INFO - 正在处理 第91章.json
2026-05-14 17:29:26 - __main__ - INFO - 保存结果到 E:\paper\new\filter\第90章.json
2026-05-14 17:29:26 - __main__ - INFO - 正在处理 第92章.json
2026-05-14 17:29:29 - __main__ - INFO - 保存结果到 E:\paper\new\filter\第8章.json
2026-05-14 17:29:29 - __main__ - INFO - 正在处理 第93章.json
2026-05-14 17:29:39 - __main__ - INFO - 保存结果到 E:\paper\new\filter\第91章.json
2026-05-14 17:29:39 - __main__ - INFO - 正在处理 第94章.json
2026-05-14 17:29:57 - __main__ - INFO - 保存结果到 E:\paper\new\filter\第94章.json
2026-05-14 17:29:57 - __main__ - INFO - 正在处理 第95章.json
2026-05-14 17:30:02 - __main__ - INFO - 保存结果到 E:\paper\new\filter\第93章.json
2026-05-14 17:30:02 - __main__ - INFO - 正在处理 第96章.json
2026-05-14 17:30:08 - __main__ - INFO - 保存结果到 E:\paper\new\filter\第92章.json
2026-05-14 17:30:08 - __main__ - INFO - 正在处理 第97章.json
2026-05-14 17:30:19 - __main__ - INFO - 保存结果到 E:\paper\new\filter\第95章.json
2026-05-14 17:30:19 - __main__ - INFO - 正在处理 第98章.json
2026-05-14 17:30:23 - __main__ - INFO - 保存结果到 E:\paper\new\filter\第96章.json
2026-05-14 17:30:23 - __main__ - INFO - 正在处理 第99章.json
2026-05-14 17:30:26 - __main__ - INFO - 保存结果到 E:\paper\new\filter\第98章.json
2026-05-14 17:30:26 - __main__ - INFO - 正在处理 第9章.json
2026-05-14 17:30:31 - __main__ - INFO - 保存结果到 E:\paper\new\filter\第97章.json
2026-05-14 17:30:32 - __main__ - INFO - 正在处理 第一回.json
2026-05-14 17:30:32 - __main__ - INFO - 保存结果到 E:\paper\new\filter\第99章.json
2026-05-14 17:30:32 - __main__ - INFO - 正在处理 第一百回.json
2026-05-14 17:30:36 - __main__ - INFO - 保存结果到 E:\paper\new\filter\第9章.json
2026-05-14 17:30:36 - __main__ - INFO - 正在处理 第七十一回.json
2026-05-14 17:30:37 - __main__ - INFO - 保存结果到 E:\paper\new\filter\第一百回.json
2026-05-14 17:30:37 - __main__ - INFO - 正在处理 第七十七回.json
2026-05-14 17:30:43 - __main__ - INFO - 保存结果到 E:\paper\new\filter\第一回.json
2026-05-14 17:30:43 - __main__ - INFO - 正在处理 第七十三回.json
2026-05-14 17:30:58 - __main__ - INFO - 保存结果到 E:\paper\new\filter\第七十一回.json
2026-05-14 17:30:58 - __main__ - INFO - 正在处理 第七十九回.json
2026-05-14 17:31:11 - __main__ - INFO - 保存结果到 E:\paper\new\filter\第七十七回.json
2026-05-14 17:31:11 - __main__ - INFO - 正在处理 第七十二回.json
2026-05-14 17:31:14 - __main__ - INFO - 保存结果到 E:\paper\new\filter\第七十三回.json
2026-05-14 17:31:14 - __main__ - INFO - 正在处理 第七十五回.json
2026-05-14 17:31:19 - __main__ - INFO - 保存结果到 E:\paper\new\filter\第七十九回.json
2026-05-14 17:31:19 - __main__ - INFO - 正在处理 第七十八回.json
2026-05-14 17:31:29 - __main__ - INFO - 保存结果到 E:\paper\new\filter\第七十二回.json
2026-05-14 17:31:29 - __main__ - INFO - 正在处理 第七十六回.json
2026-05-14 17:31:33 - __main__ - INFO - 保存结果到 E:\paper\new\filter\第七十五回.json
2026-05-14 17:31:33 - __main__ - INFO - 正在处理 第七十四回.json
2026-05-14 17:31:36 - __main__ - INFO - 保存结果到 E:\paper\new\filter\第七十八回.json
2026-05-14 17:31:36 - __main__ - INFO - 正在处理 第七十回.json
2026-05-14 17:31:57 - __main__ - INFO - 保存结果到 E:\paper\new\filter\第七十四回.json
2026-05-14 17:31:57 - __main__ - INFO - 正在处理 第七回.json
2026-05-14 17:32:03 - __main__ - INFO - 保存结果到 E:\paper\new\filter\第七十回.json
2026-05-14 17:32:03 - __main__ - INFO - 正在处理 第三十一回.json
2026-05-14 17:32:06 - __main__ - INFO - 保存结果到 E:\paper\new\filter\第七十六回.json
2026-05-14 17:32:06 - __main__ - INFO - 正在处理 第三十七回.json
2026-05-14 17:32:12 - __main__ - INFO - 保存结果到 E:\paper\new\filter\第七回.json
2026-05-14 17:32:12 - __main__ - INFO - 正在处理 第三十三回.json
2026-05-14 17:32:19 - __main__ - INFO - 保存结果到 E:\paper\new\filter\第三十七回.json
2026-05-14 17:32:19 - __main__ - INFO - 正在处理 第三十九回.json
2026-05-14 17:32:45 - __main__ - INFO - 保存结果到 E:\paper\new\filter\第三十一回.json
2026-05-14 17:32:45 - __main__ - INFO - 正在处理 第三十二回.json
2026-05-14 17:32:47 - __main__ - INFO - 保存结果到 E:\paper\new\filter\第三十三回.json
2026-05-14 17:32:47 - __main__ - INFO - 正在处理 第三十五回.json
2026-05-14 17:32:59 - __main__ - INFO - 保存结果到 E:\paper\new\filter\第三十九回.json
2026-05-14 17:32:59 - __main__ - INFO - 正在处理 第三十八回.json
2026-05-14 17:33:08 - __main__ - INFO - 保存结果到 E:\paper\new\filter\第三十五回.json
2026-05-14 17:33:08 - __main__ - INFO - 正在处理 第三十六回.json
2026-05-14 17:33:10 - __main__ - INFO - 保存结果到 E:\paper\new\filter\第三十八回.json
2026-05-14 17:33:10 - __main__ - INFO - 正在处理 第三十四回.json
2026-05-14 17:33:24 - __main__ - INFO - 保存结果到 E:\paper\new\filter\第三十四回.json
2026-05-14 17:33:24 - __main__ - INFO - 正在处理 第三十回.json
2026-05-14 17:33:24 - __main__ - INFO - 保存结果到 E:\paper\new\filter\第三十二回.json
2026-05-14 17:33:24 - __main__ - INFO - 正在处理 第三回.json
2026-05-14 17:33:33 - __main__ - INFO - 保存结果到 E:\paper\new\filter\第三十六回.json
2026-05-14 17:33:33 - __main__ - INFO - 正在处理 第九十一回.json
2026-05-14 17:33:38 - __main__ - INFO - 保存结果到 E:\paper\new\filter\第三回.json
2026-05-14 17:33:38 - __main__ - INFO - 正在处理 第九十七回.json
2026-05-14 17:33:38 - __main__ - INFO - 保存结果到 E:\paper\new\filter\第三十回.json
2026-05-14 17:33:38 - __main__ - INFO - 正在处理 第九十三回.json
2026-05-14 17:33:45 - __main__ - INFO - 保存结果到 E:\paper\new\filter\第九十三回.json
2026-05-14 17:33:45 - __main__ - INFO - 正在处理 第九十九回.json
2026-05-14 17:33:49 - __main__ - INFO - 保存结果到 E:\paper\new\filter\第九十一回.json
2026-05-14 17:33:49 - __main__ - INFO - 正在处理 第九十二回.json
2026-05-14 17:33:52 - __main__ - INFO - 保存结果到 E:\paper\new\filter\第九十九回.json
2026-05-14 17:33:52 - __main__ - INFO - 正在处理 第九十五回.json
2026-05-14 17:33:59 - __main__ - INFO - 保存结果到 E:\paper\new\filter\第九十七回.json
2026-05-14 17:33:59 - __main__ - INFO - 正在处理 第九十八回.json
2026-05-14 17:34:13 - __main__ - INFO - 保存结果到 E:\paper\new\filter\第九十五回.json
2026-05-14 17:34:13 - __main__ - INFO - 正在处理 第九十六回.json
2026-05-14 17:34:18 - __main__ - INFO - 保存结果到 E:\paper\new\filter\第九十六回.json
2026-05-14 17:34:18 - __main__ - INFO - 正在处理 第九十四回.json
2026-05-14 17:34:19 - __main__ - INFO - 保存结果到 E:\paper\new\filter\第九十二回.json
2026-05-14 17:34:19 - __main__ - INFO - 正在处理 第九十回.json
2026-05-14 17:34:25 - __main__ - INFO - 保存结果到 E:\paper\new\filter\第九十八回.json
2026-05-14 17:34:25 - __main__ - INFO - 正在处理 第九回.json
2026-05-14 17:34:33 - __main__ - INFO - 保存结果到 E:\paper\new\filter\第九十四回.json
2026-05-14 17:34:33 - __main__ - INFO - 正在处理 第二十一回.json
2026-05-14 17:34:35 - __main__ - INFO - 保存结果到 E:\paper\new\filter\第九回.json
2026-05-14 17:34:35 - __main__ - INFO - 正在处理 第二十七回.json
2026-05-14 17:34:36 - __main__ - INFO - 保存结果到 E:\paper\new\filter\第九十回.json
2026-05-14 17:34:36 - __main__ - INFO - 正在处理 第二十三回.json
2026-05-14 17:35:00 - __main__ - INFO - 保存结果到 E:\paper\new\filter\第二十三回.json
2026-05-14 17:35:00 - __main__ - INFO - 正在处理 第二十九回.json
2026-05-14 17:35:02 - __main__ - INFO - 保存结果到 E:\paper\new\filter\第二十一回.json
2026-05-14 17:35:02 - __main__ - INFO - 正在处理 第二十二回.json
2026-05-14 17:35:06 - __main__ - INFO - 保存结果到 E:\paper\new\filter\第二十七回.json
2026-05-14 17:35:06 - __main__ - INFO - 正在处理 第二十五回.json
2026-05-14 17:35:13 - __main__ - INFO - 保存结果到 E:\paper\new\filter\第二十九回.json
2026-05-14 17:35:13 - __main__ - INFO - 正在处理 第二十八回.json
2026-05-14 17:35:22 - __main__ - INFO - 保存结果到 E:\paper\new\filter\第二十八回.json
2026-05-14 17:35:22 - __main__ - INFO - 正在处理 第二十六回.json
2026-05-14 17:35:27 - __main__ - INFO - 保存结果到 E:\paper\new\filter\第二十五回.json
2026-05-14 17:35:27 - __main__ - INFO - 正在处理 第二十四回.json
2026-05-14 17:35:28 - __main__ - INFO - 保存结果到 E:\paper\new\filter\第二十二回.json
2026-05-14 17:35:28 - __main__ - INFO - 正在处理 第二十回.json
2026-05-14 17:35:42 - __main__ - INFO - 保存结果到 E:\paper\new\filter\第二十四回.json
2026-05-14 17:35:42 - __main__ - INFO - 正在处理 第二回.json
2026-05-14 17:35:58 - __main__ - INFO - 保存结果到 E:\paper\new\filter\第二十回.json
2026-05-14 17:35:58 - __main__ - INFO - 正在处理 第五十一回.json
2026-05-14 17:35:58 - __main__ - INFO - 保存结果到 E:\paper\new\filter\第二回.json
2026-05-14 17:35:58 - __main__ - INFO - 正在处理 第五十七回.json
2026-05-14 17:36:02 - __main__ - INFO - 保存结果到 E:\paper\new\filter\第二十六回.json
2026-05-14 17:36:02 - __main__ - INFO - 正在处理 第五十三回.json
2026-05-14 17:36:08 - __main__ - INFO - 保存结果到 E:\paper\new\filter\第五十七回.json
2026-05-14 17:36:08 - __main__ - INFO - 正在处理 第五十九回.json
2026-05-14 17:36:11 - __main__ - INFO - 保存结果到 E:\paper\new\filter\第五十三回.json
2026-05-14 17:36:11 - __main__ - INFO - 正在处理 第五十二回.json
2026-05-14 17:36:35 - __main__ - INFO - 保存结果到 E:\paper\new\filter\第五十一回.json
2026-05-14 17:36:35 - __main__ - INFO - 正在处理 第五十五回.json
2026-05-14 17:36:37 - __main__ - INFO - 保存结果到 E:\paper\new\filter\第五十九回.json
2026-05-14 17:36:37 - __main__ - INFO - 正在处理 第五十八回.json
2026-05-14 17:36:48 - __main__ - INFO - 保存结果到 E:\paper\new\filter\第五十八回.json
2026-05-14 17:36:48 - __main__ - INFO - 正在处理 第五十六回.json
2026-05-14 17:36:48 - __main__ - INFO - 保存结果到 E:\paper\new\filter\第五十二回.json
2026-05-14 17:36:48 - __main__ - INFO - 正在处理 第五十四回.json
2026-05-14 17:36:52 - __main__ - INFO - 保存结果到 E:\paper\new\filter\第五十五回.json
2026-05-14 17:36:52 - __main__ - INFO - 正在处理 第五十回.json
2026-05-14 17:37:04 - __main__ - INFO - 保存结果到 E:\paper\new\filter\第五十四回.json
2026-05-14 17:37:04 - __main__ - INFO - 正在处理 第五回.json
2026-05-14 17:37:11 - __main__ - INFO - 保存结果到 E:\paper\new\filter\第五十六回.json
2026-05-14 17:37:11 - __main__ - INFO - 正在处理 第八十一回.json
2026-05-14 17:37:12 - __main__ - INFO - 保存结果到 E:\paper\new\filter\第五十回.json
2026-05-14 17:37:12 - __main__ - INFO - 正在处理 第八十七回.json
2026-05-14 17:37:19 - __main__ - INFO - 保存结果到 E:\paper\new\filter\第八十一回.json
2026-05-14 17:37:19 - __main__ - INFO - 正在处理 第八十三回.json
2026-05-14 17:37:25 - __main__ - INFO - 保存结果到 E:\paper\new\filter\第五回.json
2026-05-14 17:37:25 - __main__ - INFO - 正在处理 第八十九回.json
2026-05-14 17:37:44 - __main__ - INFO - 保存结果到 E:\paper\new\filter\第八十九回.json
2026-05-14 17:37:44 - __main__ - INFO - 正在处理 第八十二回.json
2026-05-14 17:37:45 - __main__ - INFO - 保存结果到 E:\paper\new\filter\第八十七回.json
2026-05-14 17:37:45 - __main__ - INFO - 正在处理 第八十五回.json
2026-05-14 17:37:51 - __main__ - INFO - 保存结果到 E:\paper\new\filter\第八十二回.json
2026-05-14 17:37:51 - __main__ - INFO - 正在处理 第八十八回.json
2026-05-14 17:37:51 - __main__ - INFO - 保存结果到 E:\paper\new\filter\第八十三回.json
2026-05-14 17:37:51 - __main__ - INFO - 正在处理 第八十六回.json
2026-05-14 17:38:00 - __main__ - INFO - 保存结果到 E:\paper\new\filter\第八十六回.json
2026-05-14 17:38:00 - __main__ - INFO - 正在处理 第八十四回.json
2026-05-14 17:38:02 - __main__ - INFO - 保存结果到 E:\paper\new\filter\第八十五回.json
2026-05-14 17:38:02 - __main__ - INFO - 正在处理 第八十回.json
2026-05-14 17:38:06 - __main__ - INFO - 保存结果到 E:\paper\new\filter\第八十八回.json
2026-05-14 17:38:06 - __main__ - INFO - 正在处理 第八回.json
2026-05-14 17:38:11 - __main__ - INFO - 保存结果到 E:\paper\new\filter\第八回.json
2026-05-14 17:38:11 - __main__ - INFO - 正在处理 第六十一回.json
2026-05-14 17:38:12 - __main__ - INFO - 保存结果到 E:\paper\new\filter\第八十四回.json
2026-05-14 17:38:12 - __main__ - INFO - 正在处理 第六十七回.json
2026-05-14 17:38:25 - __main__ - INFO - 保存结果到 E:\paper\new\filter\第六十一回.json
2026-05-14 17:38:25 - __main__ - INFO - 正在处理 第六十三回.json
2026-05-14 17:38:30 - __main__ - INFO - 保存结果到 E:\paper\new\filter\第八十回.json
2026-05-14 17:38:30 - __main__ - INFO - 正在处理 第六十九回.json
2026-05-14 17:38:45 - __main__ - INFO - 保存结果到 E:\paper\new\filter\第六十三回.json
2026-05-14 17:38:45 - __main__ - INFO - 正在处理 第六十二回.json
2026-05-14 17:38:46 - __main__ - INFO - 保存结果到 E:\paper\new\filter\第六十七回.json
2026-05-14 17:38:46 - __main__ - INFO - 正在处理 第六十五回.json
2026-05-14 17:39:01 - __main__ - INFO - 保存结果到 E:\paper\new\filter\第六十九回.json
2026-05-14 17:39:01 - __main__ - INFO - 正在处理 第六十八回.json
2026-05-14 17:39:01 - __main__ - INFO - 保存结果到 E:\paper\new\filter\第六十五回.json
2026-05-14 17:39:01 - __main__ - INFO - 正在处理 第六十六回.json
2026-05-14 17:39:03 - __main__ - INFO - 保存结果到 E:\paper\new\filter\第六十二回.json
2026-05-14 17:39:03 - __main__ - INFO - 正在处理 第六十四回.json
2026-05-14 17:39:19 - __main__ - INFO - 保存结果到 E:\paper\new\filter\第六十八回.json
2026-05-14 17:39:19 - __main__ - INFO - 正在处理 第六十回.json
2026-05-14 17:39:26 - __main__ - INFO - 保存结果到 E:\paper\new\filter\第六十六回.json
2026-05-14 17:39:26 - __main__ - INFO - 正在处理 第六回.json
2026-05-14 17:39:28 - __main__ - INFO - 保存结果到 E:\paper\new\filter\第六十四回.json
2026-05-14 17:39:28 - __main__ - INFO - 正在处理 第十一回.json
2026-05-14 17:39:36 - __main__ - INFO - 保存结果到 E:\paper\new\filter\第六回.json
2026-05-14 17:39:36 - __main__ - INFO - 正在处理 第十七回.json
2026-05-14 17:39:49 - __main__ - INFO - 保存结果到 E:\paper\new\filter\第十一回.json
2026-05-14 17:39:49 - __main__ - INFO - 正在处理 第十三回.json
2026-05-14 17:39:55 - __main__ - INFO - 保存结果到 E:\paper\new\filter\第六十回.json
2026-05-14 17:39:55 - __main__ - INFO - 正在处理 第十九回.json
2026-05-14 17:40:01 - __main__ - INFO - 保存结果到 E:\paper\new\filter\第十九回.json
2026-05-14 17:40:01 - __main__ - INFO - 正在处理 第十二回.json
2026-05-14 17:40:05 - __main__ - INFO - 保存结果到 E:\paper\new\filter\第十三回.json
2026-05-14 17:40:05 - __main__ - INFO - 正在处理 第十五回.json
2026-05-14 17:40:07 - __main__ - INFO - 保存结果到 E:\paper\new\filter\第十二回.json
2026-05-14 17:40:07 - __main__ - INFO - 正在处理 第十八回.json
2026-05-14 17:40:13 - __main__ - INFO - 保存结果到 E:\paper\new\filter\第十五回.json
2026-05-14 17:40:13 - __main__ - INFO - 正在处理 第十六回.json
2026-05-14 17:40:14 - __main__ - INFO - 保存结果到 E:\paper\new\filter\第十七回.json
2026-05-14 17:40:14 - __main__ - INFO - 正在处理 第十四回.json
2026-05-14 17:40:24 - __main__ - INFO - 保存结果到 E:\paper\new\filter\第十八回.json
2026-05-14 17:40:24 - __main__ - INFO - 正在处理 第十回.json
2026-05-14 17:40:30 - __main__ - INFO - 保存结果到 E:\paper\new\filter\第十六回.json
2026-05-14 17:40:30 - __main__ - INFO - 正在处理 第四十一回.json
2026-05-14 17:40:32 - __main__ - INFO - 保存结果到 E:\paper\new\filter\第十回.json
2026-05-14 17:40:32 - __main__ - INFO - 正在处理 第四十七回.json
2026-05-14 17:40:51 - __main__ - INFO - 保存结果到 E:\paper\new\filter\第十四回.json
2026-05-14 17:40:51 - __main__ - INFO - 正在处理 第四十三回.json
2026-05-14 17:40:59 - __main__ - INFO - 保存结果到 E:\paper\new\filter\第四十七回.json
2026-05-14 17:40:59 - __main__ - INFO - 正在处理 第四十九回.json
2026-05-14 17:41:12 - __main__ - INFO - 保存结果到 E:\paper\new\filter\第四十三回.json
2026-05-14 17:41:12 - __main__ - INFO - 正在处理 第四十二回.json
2026-05-14 17:41:14 - __main__ - INFO - 保存结果到 E:\paper\new\filter\第四十一回.json
2026-05-14 17:41:14 - __main__ - INFO - 正在处理 第四十五回.json
2026-05-14 17:41:26 - __main__ - INFO - 保存结果到 E:\paper\new\filter\第四十九回.json
2026-05-14 17:41:26 - __main__ - INFO - 正在处理 第四十八回.json
2026-05-14 17:41:40 - __main__ - INFO - 保存结果到 E:\paper\new\filter\第四十二回.json
2026-05-14 17:41:40 - __main__ - INFO - 正在处理 第四十六回.json
2026-05-14 17:41:41 - __main__ - INFO - 保存结果到 E:\paper\new\filter\第四十八回.json
2026-05-14 17:41:41 - __main__ - INFO - 正在处理 第四十四回.json
2026-05-14 17:41:47 - __main__ - INFO - 保存结果到 E:\paper\new\filter\第四十五回.json
2026-05-14 17:41:47 - __main__ - INFO - 正在处理 第四十回.json
2026-05-14 17:41:49 - __main__ - INFO - 保存结果到 E:\paper\new\filter\第四十六回.json
2026-05-14 17:41:49 - __main__ - INFO - 正在处理 第四回.json
2026-05-14 17:41:56 - __main__ - INFO - 保存结果到 E:\paper\new\filter\第四十回.json
2026-05-14 17:41:57 - __main__ - INFO - 保存结果到 E:\paper\new\filter\第四十四回.json
2026-05-14 17:42:09 - __main__ - INFO - 保存结果到 E:\paper\new\filter\第四回.json
2026-05-14 17:42:09 - __main__ - INFO - refactor 找到 200 个文件
2026-05-14 17:42:09 - __main__ - INFO - 正在处理 第100章.json
2026-05-14 17:42:09 - __main__ - INFO - 正在处理 第10章.json
2026-05-14 17:42:09 - __main__ - INFO - 正在处理 第11章.json
2026-05-14 17:42:32 - __main__ - INFO - 保存结果到 E:\paper\new\refactor\第100章.json
2026-05-14 17:42:32 - __main__ - INFO - 正在处理 第12章.json
2026-05-14 17:42:37 - __main__ - INFO - 保存结果到 E:\paper\new\refactor\第11章.json
2026-05-14 17:42:37 - __main__ - INFO - 正在处理 第13章.json
2026-05-14 17:42:48 - __main__ - INFO - 保存结果到 E:\paper\new\refactor\第12章.json
2026-05-14 17:42:48 - __main__ - INFO - 正在处理 第14章.json
2026-05-14 17:43:09 - __main__ - INFO - 保存结果到 E:\paper\new\refactor\第13章.json
2026-05-14 17:43:09 - __main__ - INFO - 正在处理 第15章.json
2026-05-14 17:43:42 - __main__ - INFO - 保存结果到 E:\paper\new\refactor\第15章.json
2026-05-14 17:43:42 - __main__ - INFO - 正在处理 第16章.json
2026-05-14 17:43:56 - __main__ - INFO - 保存结果到 E:\paper\new\refactor\第16章.json
2026-05-14 17:43:56 - __main__ - INFO - 正在处理 第17章.json
2026-05-14 17:44:32 - __main__ - INFO - 保存结果到 E:\paper\new\refactor\第10章.json
2026-05-14 17:44:32 - __main__ - INFO - 正在处理 第18章.json
2026-05-14 17:45:04 - __main__ - INFO - 保存结果到 E:\paper\new\refactor\第14章.json
2026-05-14 17:45:04 - __main__ - INFO - 正在处理 第19章.json
2026-05-14 17:45:14 - __main__ - INFO - 保存结果到 E:\paper\new\refactor\第18章.json
2026-05-14 17:45:14 - __main__ - INFO - 正在处理 第1章.json
2026-05-14 17:45:31 - __main__ - INFO - 保存结果到 E:\paper\new\refactor\第1章.json
2026-05-14 17:45:31 - __main__ - INFO - 正在处理 第20章.json
2026-05-14 17:45:34 - __main__ - INFO - 保存结果到 E:\paper\new\refactor\第20章.json
2026-05-14 17:45:34 - __main__ - INFO - 正在处理 第21章.json
2026-05-14 17:45:39 - __main__ - INFO - 保存结果到 E:\paper\new\refactor\第17章.json
2026-05-14 17:45:39 - __main__ - INFO - 正在处理 第22章.json
2026-05-14 17:45:52 - __main__ - INFO - 保存结果到 E:\paper\new\refactor\第19章.json
2026-05-14 17:45:52 - __main__ - INFO - 正在处理 第23章.json
2026-05-14 17:46:05 - __main__ - INFO - 保存结果到 E:\paper\new\refactor\第21章.json
2026-05-14 17:46:05 - __main__ - INFO - 正在处理 第24章.json
2026-05-14 17:46:16 - __main__ - INFO - 保存结果到 E:\paper\new\refactor\第23章.json
2026-05-14 17:46:16 - __main__ - INFO - 正在处理 第25章.json
2026-05-14 17:46:18 - __main__ - INFO - 保存结果到 E:\paper\new\refactor\第22章.json
2026-05-14 17:46:18 - __main__ - INFO - 正在处理 第26章.json
2026-05-14 17:46:40 - __main__ - INFO - 保存结果到 E:\paper\new\refactor\第24章.json
2026-05-14 17:46:40 - __main__ - INFO - 正在处理 第27章.json
2026-05-14 17:47:08 - __main__ - INFO - 保存结果到 E:\paper\new\refactor\第25章.json
2026-05-14 17:47:08 - __main__ - INFO - 正在处理 第28章.json
2026-05-14 17:47:11 - __main__ - INFO - 保存结果到 E:\paper\new\refactor\第26章.json
2026-05-14 17:47:11 - __main__ - INFO - 正在处理 第29章.json
2026-05-14 17:47:26 - __main__ - INFO - 保存结果到 E:\paper\new\refactor\第27章.json
2026-05-14 17:47:26 - __main__ - INFO - 正在处理 第2章.json
2026-05-14 17:47:38 - __main__ - INFO - 保存结果到 E:\paper\new\refactor\第28章.json
2026-05-14 17:47:38 - __main__ - INFO - 正在处理 第30章.json
2026-05-14 17:47:44 - __main__ - INFO - 保存结果到 E:\paper\new\refactor\第30章.json
2026-05-14 17:47:44 - __main__ - INFO - 正在处理 第31章.json
2026-05-14 17:48:14 - __main__ - INFO - 保存结果到 E:\paper\new\refactor\第31章.json
2026-05-14 17:48:14 - __main__ - INFO - 正在处理 第32章.json
2026-05-14 17:48:22 - __main__ - INFO - 保存结果到 E:\paper\new\refactor\第2章.json
2026-05-14 17:48:22 - __main__ - INFO - 正在处理 第33章.json
2026-05-14 17:48:50 - __main__ - INFO - 保存结果到 E:\paper\new\refactor\第33章.json
2026-05-14 17:48:50 - __main__ - INFO - 正在处理 第34章.json
2026-05-14 17:48:59 - __main__ - INFO - 保存结果到 E:\paper\new\refactor\第29章.json
2026-05-14 17:48:59 - __main__ - INFO - 正在处理 第35章.json
2026-05-14 17:49:03 - __main__ - INFO - 保存结果到 E:\paper\new\refactor\第32章.json
2026-05-14 17:49:03 - __main__ - INFO - 正在处理 第36章.json
2026-05-14 17:49:28 - __main__ - INFO - 保存结果到 E:\paper\new\refactor\第34章.json
2026-05-14 17:49:28 - __main__ - INFO - 正在处理 第37章.json
2026-05-14 17:49:57 - __main__ - INFO - 保存结果到 E:\paper\new\refactor\第35章.json
2026-05-14 17:49:57 - __main__ - INFO - 正在处理 第38章.json
2026-05-14 17:50:08 - __main__ - INFO - 保存结果到 E:\paper\new\refactor\第38章.json
2026-05-14 17:50:08 - __main__ - INFO - 正在处理 第39章.json
2026-05-14 17:50:13 - __main__ - INFO - 保存结果到 E:\paper\new\refactor\第37章.json
2026-05-14 17:50:13 - __main__ - INFO - 正在处理 第3章.json
2026-05-14 17:50:42 - __main__ - INFO - 保存结果到 E:\paper\new\refactor\第36章.json
2026-05-14 17:50:42 - __main__ - INFO - 正在处理 第40章.json
2026-05-14 17:50:54 - __main__ - INFO - 保存结果到 E:\paper\new\refactor\第39章.json
2026-05-14 17:50:54 - __main__ - INFO - 正在处理 第41章.json
2026-05-14 17:50:58 - __main__ - INFO - 保存结果到 E:\paper\new\refactor\第41章.json
2026-05-14 17:50:58 - __main__ - INFO - 正在处理 第42章.json
2026-05-14 17:51:26 - __main__ - INFO - 保存结果到 E:\paper\new\refactor\第40章.json
2026-05-14 17:51:26 - __main__ - INFO - 正在处理 第43章.json
2026-05-14 17:51:29 - __main__ - INFO - 保存结果到 E:\paper\new\refactor\第42章.json
2026-05-14 17:51:29 - __main__ - INFO - 正在处理 第44章.json
2026-05-14 17:51:48 - __main__ - INFO - 保存结果到 E:\paper\new\refactor\第3章.json
2026-05-14 17:51:48 - __main__ - INFO - 正在处理 第45章.json
2026-05-14 17:51:53 - __main__ - INFO - 保存结果到 E:\paper\new\refactor\第43章.json
2026-05-14 17:51:53 - __main__ - INFO - 正在处理 第46章.json
2026-05-14 17:51:53 - __main__ - INFO - 保存结果到 E:\paper\new\refactor\第44章.json
2026-05-14 17:51:53 - __main__ - INFO - 正在处理 第47章.json
2026-05-14 17:52:11 - __main__ - INFO - 保存结果到 E:\paper\new\refactor\第46章.json
2026-05-14 17:52:11 - __main__ - INFO - 正在处理 第48章.json
2026-05-14 17:52:33 - __main__ - INFO - 保存结果到 E:\paper\new\refactor\第45章.json
2026-05-14 17:52:33 - __main__ - INFO - 正在处理 第49章.json
2026-05-14 17:52:35 - __main__ - INFO - 保存结果到 E:\paper\new\refactor\第47章.json
2026-05-14 17:52:35 - __main__ - INFO - 正在处理 第4章.json
2026-05-14 17:52:50 - __main__ - INFO - 保存结果到 E:\paper\new\refactor\第48章.json
2026-05-14 17:52:50 - __main__ - INFO - 正在处理 第50章.json
2026-05-14 17:52:57 - __main__ - INFO - 保存结果到 E:\paper\new\refactor\第49章.json
2026-05-14 17:52:57 - __main__ - INFO - 正在处理 第51章.json
2026-05-14 17:53:12 - __main__ - INFO - 保存结果到 E:\paper\new\refactor\第4章.json
2026-05-14 17:53:12 - __main__ - INFO - 正在处理 第52章.json
2026-05-14 17:53:36 - __main__ - INFO - 保存结果到 E:\paper\new\refactor\第50章.json
2026-05-14 17:53:36 - __main__ - INFO - 正在处理 第53章.json
2026-05-14 17:53:56 - __main__ - INFO - 保存结果到 E:\paper\new\refactor\第51章.json
2026-05-14 17:53:56 - __main__ - INFO - 正在处理 第54章.json
2026-05-14 17:54:04 - __main__ - INFO - 保存结果到 E:\paper\new\refactor\第53章.json
2026-05-14 17:54:04 - __main__ - INFO - 正在处理 第55章.json
2026-05-14 17:54:09 - __main__ - INFO - 保存结果到 E:\paper\new\refactor\第54章.json
2026-05-14 17:54:09 - __main__ - INFO - 正在处理 第56章.json
2026-05-14 17:54:19 - __main__ - INFO - 保存结果到 E:\paper\new\refactor\第52章.json
2026-05-14 17:54:19 - __main__ - INFO - 正在处理 第57章.json
2026-05-14 17:54:49 - __main__ - INFO - 保存结果到 E:\paper\new\refactor\第57章.json
2026-05-14 17:54:49 - __main__ - INFO - 正在处理 第58章.json
2026-05-14 17:54:53 - __main__ - INFO - 保存结果到 E:\paper\new\refactor\第55章.json
2026-05-14 17:54:53 - __main__ - INFO - 正在处理 第59章.json
2026-05-14 17:54:58 - __main__ - INFO - 保存结果到 E:\paper\new\refactor\第56章.json
2026-05-14 17:54:58 - __main__ - INFO - 正在处理 第5章.json
2026-05-14 17:55:11 - __main__ - INFO - 保存结果到 E:\paper\new\refactor\第59章.json
2026-05-14 17:55:11 - __main__ - INFO - 正在处理 第60章.json
2026-05-14 17:55:30 - __main__ - INFO - 保存结果到 E:\paper\new\refactor\第58章.json
2026-05-14 17:55:30 - __main__ - INFO - 正在处理 第61章.json
2026-05-14 17:55:42 - __main__ - INFO - 保存结果到 E:\paper\new\refactor\第5章.json
2026-05-14 17:55:42 - __main__ - INFO - 正在处理 第62章.json
2026-05-14 17:55:58 - __main__ - INFO - 保存结果到 E:\paper\new\refactor\第61章.json
2026-05-14 17:55:58 - __main__ - INFO - 正在处理 第63章.json
2026-05-14 17:56:03 - __main__ - INFO - 保存结果到 E:\paper\new\refactor\第60章.json
2026-05-14 17:56:03 - __main__ - INFO - 正在处理 第64章.json
2026-05-14 17:56:07 - __main__ - INFO - 保存结果到 E:\paper\new\refactor\第62章.json
2026-05-14 17:56:07 - __main__ - INFO - 正在处理 第65章.json
2026-05-14 17:56:26 - __main__ - INFO - 保存结果到 E:\paper\new\refactor\第64章.json
2026-05-14 17:56:26 - __main__ - INFO - 正在处理 第66章.json
2026-05-14 17:56:27 - __main__ - INFO - 保存结果到 E:\paper\new\refactor\第65章.json
2026-05-14 17:56:27 - __main__ - INFO - 正在处理 第67章.json
2026-05-14 17:56:37 - __main__ - INFO - 保存结果到 E:\paper\new\refactor\第63章.json
2026-05-14 17:56:37 - __main__ - INFO - 正在处理 第68章.json
2026-05-14 17:56:49 - __main__ - INFO - 保存结果到 E:\paper\new\refactor\第67章.json
2026-05-14 17:56:49 - __main__ - INFO - 正在处理 第69章.json
2026-05-14 17:57:21 - __main__ - INFO - 保存结果到 E:\paper\new\refactor\第68章.json
2026-05-14 17:57:21 - __main__ - INFO - 正在处理 第6章.json
2026-05-14 17:57:25 - __main__ - INFO - 保存结果到 E:\paper\new\refactor\第66章.json
2026-05-14 17:57:25 - __main__ - INFO - 正在处理 第70章.json
2026-05-14 17:57:31 - __main__ - INFO - 保存结果到 E:\paper\new\refactor\第69章.json
2026-05-14 17:57:31 - __main__ - INFO - 正在处理 第71章.json
2026-05-14 17:57:34 - __main__ - INFO - 保存结果到 E:\paper\new\refactor\第6章.json
2026-05-14 17:57:34 - __main__ - INFO - 正在处理 第72章.json
2026-05-14 17:57:55 - __main__ - INFO - 保存结果到 E:\paper\new\refactor\第72章.json
2026-05-14 17:57:55 - __main__ - INFO - 正在处理 第73章.json
2026-05-14 17:58:08 - __main__ - INFO - 保存结果到 E:\paper\new\refactor\第71章.json
2026-05-14 17:58:08 - __main__ - INFO - 正在处理 第74章.json
2026-05-14 17:58:20 - __main__ - INFO - 保存结果到 E:\paper\new\refactor\第73章.json
2026-05-14 17:58:20 - __main__ - INFO - 正在处理 第75章.json
2026-05-14 17:58:32 - __main__ - INFO - 保存结果到 E:\paper\new\refactor\第70章.json
2026-05-14 17:58:32 - __main__ - INFO - 正在处理 第76章.json
2026-05-14 17:59:07 - __main__ - INFO - 保存结果到 E:\paper\new\refactor\第76章.json
2026-05-14 17:59:07 - __main__ - INFO - 正在处理 第77章.json
2026-05-14 17:59:19 - __main__ - INFO - 保存结果到 E:\paper\new\refactor\第75章.json
2026-05-14 17:59:19 - __main__ - INFO - 正在处理 第78章.json
2026-05-14 17:59:48 - __main__ - INFO - 保存结果到 E:\paper\new\refactor\第78章.json
2026-05-14 17:59:48 - __main__ - INFO - 正在处理 第79章.json
2026-05-14 17:59:50 - __main__ - INFO - 保存结果到 E:\paper\new\refactor\第77章.json
2026-05-14 17:59:50 - __main__ - INFO - 正在处理 第7章.json
2026-05-14 18:00:18 - __main__ - INFO - 保存结果到 E:\paper\new\refactor\第79章.json
2026-05-14 18:00:18 - __main__ - INFO - 正在处理 第80章.json
2026-05-14 18:00:20 - __main__ - INFO - 保存结果到 E:\paper\new\refactor\第7章.json
2026-05-14 18:00:20 - __main__ - INFO - 正在处理 第81章.json
2026-05-14 18:00:26 - __main__ - INFO - 保存结果到 E:\paper\new\refactor\第74章.json
2026-05-14 18:00:26 - __main__ - INFO - 正在处理 第82章.json
2026-05-14 18:01:20 - __main__ - INFO - 保存结果到 E:\paper\new\refactor\第80章.json
2026-05-14 18:01:20 - __main__ - INFO - 正在处理 第83章.json
2026-05-14 18:02:03 - __main__ - INFO - 保存结果到 E:\paper\new\refactor\第83章.json
2026-05-14 18:02:03 - __main__ - INFO - 正在处理 第84章.json
2026-05-14 18:02:05 - __main__ - INFO - 保存结果到 E:\paper\new\refactor\第81章.json
2026-05-14 18:02:05 - __main__ - INFO - 正在处理 第85章.json
2026-05-14 18:02:13 - __main__ - INFO - 保存结果到 E:\paper\new\refactor\第82章.json
2026-05-14 18:02:13 - __main__ - INFO - 正在处理 第86章.json
2026-05-14 18:02:30 - __main__ - INFO - 保存结果到 E:\paper\new\refactor\第84章.json
2026-05-14 18:02:30 - __main__ - INFO - 正在处理 第87章.json
2026-05-14 18:02:38 - __main__ - INFO - 保存结果到 E:\paper\new\refactor\第85章.json
2026-05-14 18:02:38 - __main__ - INFO - 正在处理 第88章.json
2026-05-14 18:02:40 - __main__ - INFO - 保存结果到 E:\paper\new\refactor\第86章.json
2026-05-14 18:02:40 - __main__ - INFO - 正在处理 第89章.json
2026-05-14 18:02:57 - __main__ - ERROR - 文件第89章.json处理失败: Expecting property name enclosed in double quotes: line 1 column 2 (char 1)
2026-05-14 18:02:57 - __main__ - INFO - 正在处理 第8章.json
2026-05-14 18:03:07 - __main__ - INFO - 保存结果到 E:\paper\new\refactor\第88章.json
2026-05-14 18:03:07 - __main__ - INFO - 正在处理 第90章.json
2026-05-14 18:03:24 - __main__ - INFO - 保存结果到 E:\paper\new\refactor\第87章.json
2026-05-14 18:03:24 - __main__ - INFO - 正在处理 第91章.json
2026-05-14 18:03:29 - __main__ - INFO - 保存结果到 E:\paper\new\refactor\第90章.json
2026-05-14 18:03:29 - __main__ - INFO - 正在处理 第92章.json
2026-05-14 18:03:33 - __main__ - INFO - 保存结果到 E:\paper\new\refactor\第8章.json
2026-05-14 18:03:33 - __main__ - INFO - 正在处理 第93章.json
2026-05-14 18:04:06 - __main__ - INFO - 保存结果到 E:\paper\new\refactor\第91章.json
2026-05-14 18:04:06 - __main__ - INFO - 正在处理 第94章.json
2026-05-14 18:04:15 - __main__ - INFO - 保存结果到 E:\paper\new\refactor\第93章.json
2026-05-14 18:04:15 - __main__ - INFO - 正在处理 第95章.json
2026-05-14 18:04:16 - __main__ - INFO - 保存结果到 E:\paper\new\refactor\第92章.json
2026-05-14 18:04:16 - __main__ - INFO - 正在处理 第96章.json
2026-05-14 18:04:25 - __main__ - INFO - 保存结果到 E:\paper\new\refactor\第94章.json
2026-05-14 18:04:25 - __main__ - INFO - 正在处理 第97章.json
2026-05-14 18:04:40 - __main__ - INFO - 保存结果到 E:\paper\new\refactor\第96章.json
2026-05-14 18:04:40 - __main__ - INFO - 正在处理 第98章.json
2026-05-14 18:04:57 - __main__ - INFO - 保存结果到 E:\paper\new\refactor\第98章.json
2026-05-14 18:04:57 - __main__ - INFO - 正在处理 第99章.json
2026-05-14 18:05:04 - __main__ - INFO - 保存结果到 E:\paper\new\refactor\第99章.json
2026-05-14 18:05:04 - __main__ - INFO - 正在处理 第9章.json
2026-05-14 18:05:15 - __main__ - INFO - 保存结果到 E:\paper\new\refactor\第9章.json
2026-05-14 18:05:15 - __main__ - INFO - 正在处理 第一回.json
2026-05-14 18:05:21 - __main__ - INFO - 保存结果到 E:\paper\new\refactor\第95章.json
2026-05-14 18:05:21 - __main__ - INFO - 正在处理 第一百回.json
2026-05-14 18:05:41 - __main__ - INFO - 保存结果到 E:\paper\new\refactor\第一回.json
2026-05-14 18:05:41 - __main__ - INFO - 正在处理 第七十一回.json
2026-05-14 18:05:41 - __main__ - INFO - 保存结果到 E:\paper\new\refactor\第一百回.json
2026-05-14 18:05:41 - __main__ - INFO - 正在处理 第七十七回.json
2026-05-14 18:06:04 - __main__ - INFO - 保存结果到 E:\paper\new\refactor\第97章.json
2026-05-14 18:06:04 - __main__ - INFO - 正在处理 第七十三回.json
2026-05-14 18:06:10 - __main__ - INFO - 保存结果到 E:\paper\new\refactor\第七十三回.json
2026-05-14 18:06:10 - __main__ - INFO - 正在处理 第七十九回.json
2026-05-14 18:06:34 - __main__ - INFO - 保存结果到 E:\paper\new\refactor\第七十一回.json
2026-05-14 18:06:34 - __main__ - INFO - 正在处理 第七十二回.json
2026-05-14 18:06:46 - __main__ - INFO - 保存结果到 E:\paper\new\refactor\第七十七回.json
2026-05-14 18:06:46 - __main__ - INFO - 正在处理 第七十五回.json
2026-05-14 18:06:54 - __main__ - INFO - 保存结果到 E:\paper\new\refactor\第七十九回.json
2026-05-14 18:06:54 - __main__ - INFO - 正在处理 第七十八回.json
2026-05-14 18:07:08 - __main__ - INFO - 保存结果到 E:\paper\new\refactor\第七十八回.json
2026-05-14 18:07:08 - __main__ - INFO - 正在处理 第七十六回.json
2026-05-14 18:07:10 - __main__ - INFO - 保存结果到 E:\paper\new\refactor\第七十五回.json
2026-05-14 18:07:10 - __main__ - INFO - 正在处理 第七十四回.json
2026-05-14 18:07:16 - __main__ - INFO - 保存结果到 E:\paper\new\refactor\第七十二回.json
2026-05-14 18:07:16 - __main__ - INFO - 正在处理 第七十回.json
2026-05-14 18:07:49 - __main__ - INFO - 保存结果到 E:\paper\new\refactor\第七十回.json
2026-05-14 18:07:49 - __main__ - INFO - 正在处理 第七回.json
2026-05-14 18:07:55 - __main__ - INFO - 保存结果到 E:\paper\new\refactor\第七十四回.json
2026-05-14 18:07:55 - __main__ - INFO - 正在处理 第三十一回.json
2026-05-14 18:08:12 - __main__ - INFO - 保存结果到 E:\paper\new\refactor\第七回.json
2026-05-14 18:08:12 - __main__ - INFO - 正在处理 第三十七回.json
2026-05-14 18:08:36 - __main__ - INFO - 保存结果到 E:\paper\new\refactor\第三十七回.json
2026-05-14 18:08:36 - __main__ - INFO - 正在处理 第三十三回.json
2026-05-14 18:08:45 - __main__ - INFO - 保存结果到 E:\paper\new\refactor\第三十一回.json
2026-05-14 18:08:45 - __main__ - INFO - 正在处理 第三十九回.json
2026-05-14 18:09:06 - __main__ - INFO - 保存结果到 E:\paper\new\refactor\第三十三回.json
2026-05-14 18:09:06 - __main__ - INFO - 正在处理 第三十二回.json
2026-05-14 18:09:06 - __main__ - INFO - 保存结果到 E:\paper\new\refactor\第七十六回.json
2026-05-14 18:09:06 - __main__ - INFO - 正在处理 第三十五回.json
2026-05-14 18:09:49 - __main__ - INFO - 保存结果到 E:\paper\new\refactor\第三十五回.json
2026-05-14 18:09:49 - __main__ - INFO - 正在处理 第三十八回.json
2026-05-14 18:10:06 - __main__ - INFO - 保存结果到 E:\paper\new\refactor\第三十二回.json
2026-05-14 18:10:06 - __main__ - INFO - 正在处理 第三十六回.json
2026-05-14 18:10:31 - __main__ - INFO - 保存结果到 E:\paper\new\refactor\第三十八回.json
2026-05-14 18:10:31 - __main__ - INFO - 正在处理 第三十四回.json
2026-05-14 18:10:49 - __main__ - INFO - 保存结果到 E:\paper\new\refactor\第三十九回.json
2026-05-14 18:10:49 - __main__ - INFO - 正在处理 第三十回.json
2026-05-14 18:10:51 - __main__ - INFO - 保存结果到 E:\paper\new\refactor\第三十六回.json
2026-05-14 18:10:51 - __main__ - INFO - 正在处理 第三回.json
2026-05-14 18:10:54 - __main__ - INFO - 保存结果到 E:\paper\new\refactor\第三十四回.json
2026-05-14 18:10:54 - __main__ - INFO - 正在处理 第九十一回.json
2026-05-14 18:10:57 - __main__ - INFO - 保存结果到 E:\paper\new\refactor\第九十一回.json
2026-05-14 18:10:57 - __main__ - INFO - 正在处理 第九十七回.json
2026-05-14 18:11:08 - __main__ - INFO - 保存结果到 E:\paper\new\refactor\第三十回.json
2026-05-14 18:11:08 - __main__ - INFO - 正在处理 第九十三回.json
2026-05-14 18:11:35 - __main__ - ERROR - 文件第三回.json处理失败: Expecting value: line 270 column 16 (char 7392)
2026-05-14 18:11:35 - __main__ - INFO - 正在处理 第九十九回.json
2026-05-14 18:11:36 - __main__ - INFO - 保存结果到 E:\paper\new\refactor\第九十三回.json
2026-05-14 18:11:36 - __main__ - INFO - 正在处理 第九十二回.json
2026-05-14 18:11:38 - __main__ - INFO - 保存结果到 E:\paper\new\refactor\第九十七回.json
2026-05-14 18:11:38 - __main__ - INFO - 正在处理 第九十五回.json
2026-05-14 18:12:10 - __main__ - INFO - 保存结果到 E:\paper\new\refactor\第九十九回.json
2026-05-14 18:12:10 - __main__ - INFO - 正在处理 第九十八回.json
2026-05-14 18:12:23 - __main__ - INFO - 保存结果到 E:\paper\new\refactor\第九十二回.json
2026-05-14 18:12:23 - __main__ - INFO - 正在处理 第九十六回.json
2026-05-14 18:12:24 - __main__ - INFO - 保存结果到 E:\paper\new\refactor\第九十五回.json
2026-05-14 18:12:24 - __main__ - INFO - 正在处理 第九十四回.json
2026-05-14 18:12:39 - __main__ - INFO - 保存结果到 E:\paper\new\refactor\第九十六回.json
2026-05-14 18:12:39 - __main__ - INFO - 正在处理 第九十回.json
2026-05-14 18:12:47 - __main__ - INFO - 保存结果到 E:\paper\new\refactor\第九十八回.json
2026-05-14 18:12:47 - __main__ - INFO - 正在处理 第九回.json
2026-05-14 18:12:55 - __main__ - INFO - 保存结果到 E:\paper\new\refactor\第九十回.json
2026-05-14 18:12:55 - __main__ - INFO - 正在处理 第二十一回.json
2026-05-14 18:12:56 - __main__ - INFO - 保存结果到 E:\paper\new\refactor\第九十四回.json
2026-05-14 18:12:56 - __main__ - INFO - 正在处理 第二十七回.json
2026-05-14 18:13:01 - __main__ - INFO - 保存结果到 E:\paper\new\refactor\第九回.json
2026-05-14 18:13:01 - __main__ - INFO - 正在处理 第二十三回.json
2026-05-14 18:13:34 - __main__ - INFO - 保存结果到 E:\paper\new\refactor\第二十七回.json
2026-05-14 18:13:34 - __main__ - INFO - 正在处理 第二十九回.json
2026-05-14 18:13:39 - __main__ - INFO - 保存结果到 E:\paper\new\refactor\第二十一回.json
2026-05-14 18:13:39 - __main__ - INFO - 正在处理 第二十二回.json
2026-05-14 18:13:46 - __main__ - INFO - 保存结果到 E:\paper\new\refactor\第二十九回.json
2026-05-14 18:13:46 - __main__ - INFO - 正在处理 第二十五回.json
2026-05-14 18:13:46 - __main__ - INFO - 保存结果到 E:\paper\new\refactor\第二十三回.json
2026-05-14 18:13:46 - __main__ - INFO - 正在处理 第二十八回.json
2026-05-14 18:14:00 - __main__ - INFO - 保存结果到 E:\paper\new\refactor\第二十八回.json
2026-05-14 18:14:00 - __main__ - INFO - 正在处理 第二十六回.json
2026-05-14 18:14:13 - __main__ - INFO - 保存结果到 E:\paper\new\refactor\第二十二回.json
2026-05-14 18:14:13 - __main__ - INFO - 正在处理 第二十四回.json
2026-05-14 18:14:25 - __main__ - INFO - 保存结果到 E:\paper\new\refactor\第二十六回.json
2026-05-14 18:14:25 - __main__ - INFO - 正在处理 第二十回.json
2026-05-14 18:14:35 - __main__ - INFO - 保存结果到 E:\paper\new\refactor\第二十四回.json
2026-05-14 18:14:35 - __main__ - INFO - 正在处理 第二回.json
2026-05-14 18:14:39 - __main__ - INFO - 保存结果到 E:\paper\new\refactor\第二十五回.json
2026-05-14 18:14:39 - __main__ - INFO - 正在处理 第五十一回.json
2026-05-14 18:14:53 - __main__ - INFO - 保存结果到 E:\paper\new\refactor\第二回.json
2026-05-14 18:14:53 - __main__ - INFO - 正在处理 第五十七回.json
2026-05-14 18:15:27 - __main__ - INFO - 保存结果到 E:\paper\new\refactor\第二十回.json
2026-05-14 18:15:27 - __main__ - INFO - 正在处理 第五十三回.json
2026-05-14 18:15:32 - __main__ - INFO - 保存结果到 E:\paper\new\refactor\第五十一回.json
2026-05-14 18:15:32 - __main__ - INFO - 正在处理 第五十九回.json
2026-05-14 18:15:34 - __main__ - INFO - 保存结果到 E:\paper\new\refactor\第五十七回.json
2026-05-14 18:15:34 - __main__ - INFO - 正在处理 第五十二回.json
2026-05-14 18:15:42 - __main__ - INFO - 保存结果到 E:\paper\new\refactor\第五十三回.json
2026-05-14 18:15:42 - __main__ - INFO - 正在处理 第五十五回.json
2026-05-14 18:16:34 - __main__ - INFO - 保存结果到 E:\paper\new\refactor\第五十九回.json
2026-05-14 18:16:34 - __main__ - INFO - 正在处理 第五十八回.json
2026-05-14 18:16:38 - __main__ - INFO - 保存结果到 E:\paper\new\refactor\第五十二回.json
2026-05-14 18:16:38 - __main__ - INFO - 正在处理 第五十六回.json
2026-05-14 18:16:56 - __main__ - INFO - 保存结果到 E:\paper\new\refactor\第五十八回.json
2026-05-14 18:16:56 - __main__ - INFO - 正在处理 第五十四回.json
2026-05-14 18:17:13 - __main__ - INFO - 保存结果到 E:\paper\new\refactor\第五十五回.json
2026-05-14 18:17:13 - __main__ - INFO - 正在处理 第五十回.json
2026-05-14 18:17:30 - __main__ - INFO - 保存结果到 E:\paper\new\refactor\第五十六回.json
2026-05-14 18:17:30 - __main__ - INFO - 正在处理 第五回.json
2026-05-14 18:17:30 - __main__ - INFO - 保存结果到 E:\paper\new\refactor\第五十四回.json
2026-05-14 18:17:30 - __main__ - INFO - 正在处理 第八十一回.json
2026-05-14 18:17:44 - __main__ - INFO - 保存结果到 E:\paper\new\refactor\第五十回.json
2026-05-14 18:17:44 - __main__ - INFO - 正在处理 第八十七回.json
2026-05-14 18:17:57 - __main__ - INFO - 保存结果到 E:\paper\new\refactor\第八十一回.json
2026-05-14 18:17:57 - __main__ - INFO - 正在处理 第八十三回.json
2026-05-14 18:18:06 - __main__ - INFO - 保存结果到 E:\paper\new\refactor\第五回.json
2026-05-14 18:18:06 - __main__ - INFO - 正在处理 第八十九回.json
2026-05-14 18:18:13 - __main__ - INFO - 保存结果到 E:\paper\new\refactor\第八十七回.json
2026-05-14 18:18:13 - __main__ - INFO - 正在处理 第八十二回.json
2026-05-14 18:18:15 - __main__ - INFO - 保存结果到 E:\paper\new\refactor\第八十三回.json
2026-05-14 18:18:15 - __main__ - INFO - 正在处理 第八十五回.json
2026-05-14 18:18:30 - __main__ - INFO - 保存结果到 E:\paper\new\refactor\第八十二回.json
2026-05-14 18:18:30 - __main__ - INFO - 正在处理 第八十八回.json
2026-05-14 18:18:39 - __main__ - INFO - 保存结果到 E:\paper\new\refactor\第八十五回.json
2026-05-14 18:18:39 - __main__ - INFO - 正在处理 第八十六回.json
2026-05-14 18:18:57 - __main__ - INFO - 保存结果到 E:\paper\new\refactor\第八十八回.json
2026-05-14 18:18:57 - __main__ - INFO - 正在处理 第八十四回.json
2026-05-14 18:18:57 - __main__ - INFO - 保存结果到 E:\paper\new\refactor\第八十六回.json
2026-05-14 18:18:57 - __main__ - INFO - 正在处理 第八十回.json
2026-05-14 18:19:06 - __main__ - INFO - 保存结果到 E:\paper\new\refactor\第八十九回.json
2026-05-14 18:19:06 - __main__ - INFO - 正在处理 第八回.json
2026-05-14 18:19:17 - __main__ - INFO - 保存结果到 E:\paper\new\refactor\第八十四回.json
2026-05-14 18:19:17 - __main__ - INFO - 正在处理 第六十一回.json
2026-05-14 18:19:25 - __main__ - INFO - 保存结果到 E:\paper\new\refactor\第八回.json
2026-05-14 18:19:25 - __main__ - INFO - 正在处理 第六十七回.json
2026-05-14 18:19:35 - __main__ - INFO - 保存结果到 E:\paper\new\refactor\第八十回.json
2026-05-14 18:19:35 - __main__ - INFO - 正在处理 第六十三回.json
2026-05-14 18:19:41 - __main__ - INFO - 保存结果到 E:\paper\new\refactor\第六十一回.json
2026-05-14 18:19:41 - __main__ - INFO - 正在处理 第六十九回.json
2026-05-14 18:19:44 - __main__ - INFO - 保存结果到 E:\paper\new\refactor\第六十九回.json
2026-05-14 18:19:44 - __main__ - INFO - 正在处理 第六十二回.json
2026-05-14 18:20:01 - __main__ - INFO - 保存结果到 E:\paper\new\refactor\第六十三回.json
2026-05-14 18:20:01 - __main__ - INFO - 正在处理 第六十五回.json
2026-05-14 18:20:23 - __main__ - INFO - 保存结果到 E:\paper\new\refactor\第六十二回.json
2026-05-14 18:20:23 - __main__ - INFO - 正在处理 第六十八回.json
2026-05-14 18:20:24 - __main__ - ERROR - 文件第六十七回.json处理失败: Expecting value: line 1 column 1 (char 0)
2026-05-14 18:20:24 - __main__ - INFO - 正在处理 第六十六回.json
2026-05-14 18:20:41 - __main__ - INFO - 保存结果到 E:\paper\new\refactor\第六十五回.json
2026-05-14 18:20:41 - __main__ - INFO - 正在处理 第六十四回.json
2026-05-14 18:20:54 - __main__ - INFO - 保存结果到 E:\paper\new\refactor\第六十八回.json
2026-05-14 18:20:54 - __main__ - INFO - 正在处理 第六十回.json
2026-05-14 18:21:11 - __main__ - INFO - 保存结果到 E:\paper\new\refactor\第六十六回.json
2026-05-14 18:21:11 - __main__ - INFO - 正在处理 第六回.json
2026-05-14 18:21:17 - __main__ - INFO - 保存结果到 E:\paper\new\refactor\第六十四回.json
2026-05-14 18:21:17 - __main__ - INFO - 正在处理 第十一回.json
2026-05-14 18:21:26 - __main__ - INFO - 保存结果到 E:\paper\new\refactor\第六回.json
2026-05-14 18:21:26 - __main__ - INFO - 正在处理 第十七回.json
2026-05-14 18:21:48 - __main__ - INFO - 保存结果到 E:\paper\new\refactor\第六十回.json
2026-05-14 18:21:48 - __main__ - INFO - 正在处理 第十三回.json
2026-05-14 18:21:55 - __main__ - INFO - 保存结果到 E:\paper\new\refactor\第十一回.json
2026-05-14 18:21:55 - __main__ - INFO - 正在处理 第十九回.json
2026-05-14 18:22:06 - __main__ - INFO - 保存结果到 E:\paper\new\refactor\第十九回.json
2026-05-14 18:22:06 - __main__ - INFO - 正在处理 第十二回.json
2026-05-14 18:22:14 - __main__ - INFO - 保存结果到 E:\paper\new\refactor\第十三回.json
2026-05-14 18:22:14 - __main__ - INFO - 正在处理 第十五回.json
2026-05-14 18:22:22 - __main__ - INFO - 保存结果到 E:\paper\new\refactor\第十二回.json
2026-05-14 18:22:22 - __main__ - INFO - 正在处理 第十八回.json
2026-05-14 18:22:40 - __main__ - INFO - 保存结果到 E:\paper\new\refactor\第十八回.json
2026-05-14 18:22:40 - __main__ - INFO - 正在处理 第十六回.json
2026-05-14 18:22:41 - __main__ - INFO - 保存结果到 E:\paper\new\refactor\第十五回.json
2026-05-14 18:22:41 - __main__ - INFO - 正在处理 第十四回.json
2026-05-14 18:23:19 - __main__ - INFO - 保存结果到 E:\paper\new\refactor\第十七回.json
2026-05-14 18:23:19 - __main__ - INFO - 正在处理 第十回.json
2026-05-14 18:23:20 - __main__ - INFO - 保存结果到 E:\paper\new\refactor\第十六回.json
2026-05-14 18:23:20 - __main__ - INFO - 正在处理 第四十一回.json
2026-05-14 18:23:32 - __main__ - INFO - 保存结果到 E:\paper\new\refactor\第十回.json
2026-05-14 18:23:32 - __main__ - INFO - 正在处理 第四十七回.json
2026-05-14 18:23:52 - __main__ - INFO - 保存结果到 E:\paper\new\refactor\第十四回.json
2026-05-14 18:23:52 - __main__ - INFO - 正在处理 第四十三回.json
2026-05-14 18:24:15 - __main__ - INFO - 保存结果到 E:\paper\new\refactor\第四十七回.json
2026-05-14 18:24:15 - __main__ - INFO - 正在处理 第四十九回.json
2026-05-14 18:24:23 - __main__ - INFO - 保存结果到 E:\paper\new\refactor\第四十一回.json
2026-05-14 18:24:23 - __main__ - INFO - 正在处理 第四十二回.json
2026-05-14 18:24:30 - __main__ - INFO - 保存结果到 E:\paper\new\refactor\第四十三回.json
2026-05-14 18:24:30 - __main__ - INFO - 正在处理 第四十五回.json
2026-05-14 18:24:44 - __main__ - INFO - 保存结果到 E:\paper\new\refactor\第四十五回.json
2026-05-14 18:24:44 - __main__ - INFO - 正在处理 第四十八回.json
2026-05-14 18:24:53 - __main__ - INFO - 保存结果到 E:\paper\new\refactor\第四十九回.json
2026-05-14 18:24:53 - __main__ - INFO - 正在处理 第四十六回.json
2026-05-14 18:24:59 - __main__ - INFO - 保存结果到 E:\paper\new\refactor\第四十六回.json
2026-05-14 18:24:59 - __main__ - INFO - 正在处理 第四十四回.json
2026-05-14 18:25:02 - __main__ - INFO - 保存结果到 E:\paper\new\refactor\第四十八回.json
2026-05-14 18:25:02 - __main__ - INFO - 正在处理 第四十回.json
2026-05-14 18:25:17 - __main__ - INFO - 保存结果到 E:\paper\new\refactor\第四十二回.json
2026-05-14 18:25:17 - __main__ - INFO - 正在处理 第四回.json
2026-05-14 18:25:37 - __main__ - INFO - 保存结果到 E:\paper\new\refactor\第四回.json
2026-05-14 18:25:56 - __main__ - INFO - 保存结果到 E:\paper\new\refactor\第四十回.json
2026-05-14 18:26:15 - __main__ - INFO - 保存结果到 E:\paper\new\refactor\第四十四回.json
2026-05-14 21:15:16 - __main__ - INFO - 正在生成数据处理代码...
2026-05-14 21:15:16 - __main__ - INFO - extract 找到 7 个文件
2026-05-14 21:15:16 - __main__ - INFO - 正在处理 备份.zip
2026-05-14 21:15:16 - __main__ - ERROR - 文件备份.zip处理失败: 'utf-8' codec can't decode byte 0x91 in position 10: invalid start byte
2026-05-14 21:15:16 - __main__ - INFO - 正在处理 第1章.txt
2026-05-14 21:15:16 - __main__ - INFO - 正在处理 第2章.txt
2026-05-14 21:15:16 - __main__ - INFO - 正在处理 第3章.txt
2026-05-14 21:15:33 - __main__ - INFO - 保存结果到 E:\paper\new\extract\第1章.json
2026-05-14 21:15:33 - __main__ - INFO - 正在处理 第4章.txt
2026-05-14 21:15:35 - __main__ - INFO - 保存结果到 E:\paper\new\extract\第2章.json
2026-05-14 21:15:35 - __main__ - INFO - 正在处理 第5章.txt
2026-05-14 21:15:45 - __main__ - INFO - 保存结果到 E:\paper\new\extract\第3章.json
2026-05-14 21:15:45 - __main__ - INFO - 正在处理 第6章.txt
2026-05-14 21:15:48 - __main__ - INFO - 保存结果到 E:\paper\new\extract\第4章.json
2026-05-14 21:15:49 - __main__ - INFO - 保存结果到 E:\paper\new\extract\第5章.json
2026-05-14 21:16:04 - __main__ - INFO - 保存结果到 E:\paper\new\extract\第6章.json
2026-05-14 21:16:04 - __main__ - INFO - filter 找到 200 个文件
2026-05-14 21:16:04 - __main__ - INFO - 正在处理 第100章.json
2026-05-14 21:16:04 - __main__ - INFO - 正在处理 第10章.json
2026-05-14 21:16:04 - __main__ - INFO - 正在处理 第11章.json
2026-05-14 21:16:08 - __main__ - INFO - 保存结果到 E:\paper\new\filter\第100章.json
2026-05-14 21:16:08 - __main__ - INFO - 正在处理 第12章.json
2026-05-14 21:16:09 - __main__ - INFO - 保存结果到 E:\paper\new\filter\第11章.json
2026-05-14 21:16:09 - __main__ - INFO - 正在处理 第13章.json
2026-05-14 21:18:18 - __main__ - INFO - 正在生成数据处理代码...
2026-05-14 21:18:18 - __main__ - INFO - extract 找到 4 个文件
2026-05-14 21:18:18 - __main__ - INFO - 正在处理 备份.zip
2026-05-14 21:18:18 - __main__ - ERROR - 文件备份.zip处理失败: 'utf-8' codec can't decode byte 0x91 in position 10: invalid start byte
2026-05-14 21:18:18 - __main__ - INFO - 正在处理 第1章.txt
2026-05-14 21:18:18 - __main__ - INFO - 正在处理 第2章.txt
2026-05-14 21:18:18 - __main__ - INFO - 正在处理 第3章.txt
2026-05-14 21:18:38 - __main__ - INFO - 保存结果到 E:\paper\new\extract\第3章.json
2026-05-14 21:19:02 - __main__ - INFO - 正在生成数据处理代码...
2026-05-14 21:19:02 - __main__ - INFO - extract 找到 4 个文件
2026-05-14 21:19:02 - __main__ - INFO - 正在处理 备份.zip
2026-05-14 21:19:02 - __main__ - ERROR - 文件备份.zip处理失败: 'utf-8' codec can't decode byte 0x91 in position 10: invalid start byte
2026-05-14 21:19:02 - __main__ - INFO - 正在处理 第1章.txt
2026-05-14 21:19:03 - __main__ - INFO - 正在处理 第2章.txt
2026-05-14 21:19:03 - __main__ - INFO - 正在处理 第3章.txt
2026-05-14 21:19:20 - __main__ - ERROR - 文件第2章.txt处理失败: Expecting ':' delimiter: line 5 column 49 (char 116)
2026-05-14 21:19:20 - __main__ - INFO - 保存结果到 E:\paper\new\extract\第1章.json
2026-05-14 21:19:23 - __main__ - INFO - 保存结果到 E:\paper\new\extract\第3章.json
2026-05-14 21:19:23 - __main__ - INFO - filter 找到 2 个文件
2026-05-14 21:19:23 - __main__ - INFO - 正在处理 第1章.json
2026-05-14 21:19:23 - __main__ - INFO - 正在处理 第3章.json
2026-05-14 21:19:41 - __main__ - INFO - 保存结果到 E:\paper\new\filter\第3章.json
2026-05-14 21:19:45 - __main__ - INFO - 保存结果到 E:\paper\new\filter\第1章.json
2026-05-14 21:19:45 - __main__ - INFO - refactor 找到 2 个文件
2026-05-14 21:19:45 - __main__ - INFO - 正在处理 第1章.json
2026-05-14 21:19:45 - __main__ - INFO - 正在处理 第3章.json
2026-05-14 21:20:05 - __main__ - INFO - 保存结果到 E:\paper\new\refactor\第3章.json
2026-05-14 21:20:29 - __main__ - INFO - 保存结果到 E:\paper\new\refactor\第1章.json
2026-05-14 22:06:36 - __main__ - INFO - 正在生成数据处理代码...
2026-05-14 22:06:36 - __main__ - INFO - extract 找到 4 个文件
2026-05-14 22:06:36 - __main__ - INFO - 正在处理 备份.zip
2026-05-14 22:06:36 - __main__ - ERROR - 文件备份.zip处理失败: 'utf-8' codec can't decode byte 0x91 in position 10: invalid start byte
2026-05-14 22:06:36 - __main__ - INFO - 正在处理 第1章.txt
2026-05-14 22:06:37 - __main__ - INFO - 正在处理 第2章.txt
2026-05-14 22:06:37 - __main__ - INFO - 正在处理 第3章.txt
2026-05-14 22:06:48 - __main__ - INFO - 保存结果到 E:\paper\new\extract\第3章.json
2026-05-14 22:06:58 - __main__ - INFO - 保存结果到 E:\paper\new\extract\第1章.json
2026-05-14 22:07:03 - __main__ - INFO - 保存结果到 E:\paper\new\extract\第2章.json
2026-05-14 22:07:03 - __main__ - INFO - filter 找到 3 个文件
2026-05-14 22:07:03 - __main__ - INFO - 正在处理 第1章.json
2026-05-14 22:07:03 - __main__ - INFO - 正在处理 第2章.json
2026-05-14 22:07:03 - __main__ - INFO - 正在处理 第3章.json
2026-05-14 22:07:21 - __main__ - INFO - 保存结果到 E:\paper\new\filter\第2章.json
2026-05-14 22:07:29 - __main__ - INFO - 保存结果到 E:\paper\new\filter\第3章.json
2026-05-14 22:07:29 - __main__ - INFO - 保存结果到 E:\paper\new\filter\第1章.json
2026-05-14 22:07:29 - __main__ - INFO - refactor 找到 3 个文件
2026-05-14 22:07:29 - __main__ - INFO - 正在处理 第1章.json
2026-05-14 22:07:29 - __main__ - INFO - 正在处理 第2章.json
2026-05-14 22:07:29 - __main__ - INFO - 正在处理 第3章.json
2026-05-14 22:07:47 - __main__ - INFO - 保存结果到 E:\paper\new\refactor\第3章.json
2026-05-14 22:07:54 - __main__ - INFO - 保存结果到 E:\paper\new\refactor\第1章.json
2026-05-14 22:08:05 - __main__ - INFO - 保存结果到 E:\paper\new\refactor\第2章.json
2026-05-14 22:49:53 - __main__ - INFO - 正在加载数据...
2026-05-14 22:49:55 - __main__ - INFO - 正在加载数据...
2026-05-14 22:50:22 - __main__ - INFO - 正在加载数据...E:\paper\new\refactor
2026-05-14 22:50:41 - __main__ - INFO - 正在加载数据...E:\paper\new\refactor
2026-05-14 22:52:49 - __main__ - INFO - 正在加载数据...E:\paper\new\refactor
2026-05-14 22:53:00 - __main__ - INFO - 正在加载数据...E:\paper\new\refactor
